[0.792s] DEBUG:colcon:Command line arguments: ['/usr/bin/colcon', 'build', '--packages-select', 'my_package']
[0.793s] DEBUG:colcon:Parsed command line arguments: Namespace(log_base=None, log_level=None, verb_name='build', build_base='build', install_base='install', merge_install=False, symlink_install=False, test_result_base=None, continue_on_error=False, executor='parallel', parallel_workers=4, event_handlers=None, ignore_user_meta=False, metas=['./colcon.meta'], base_paths=['.'], packages_ignore=None, packages_ignore_regex=None, paths=None, packages_up_to=None, packages_up_to_regex=None, packages_above=None, packages_above_and_dependencies=None, packages_above_depth=None, packages_select_by_dep=None, packages_skip_by_dep=None, packages_skip_up_to=None, packages_select_build_failed=False, packages_skip_build_finished=False, packages_select_test_failures=False, packages_skip_test_passed=False, packages_select=['my_package'], packages_skip=None, packages_select_regex=None, packages_skip_regex=None, packages_start=None, packages_end=None, allow_overriding=[], cmake_args=None, cmake_target=None, cmake_target_skip_unavailable=False, cmake_clean_cache=False, cmake_clean_first=False, cmake_force_configure=False, ament_cmake_args=None, catkin_cmake_args=None, catkin_skip_building_tests=False, mixin_files=None, mixin=None, verb_parser=<colcon_mixin.mixin.mixin_argument.MixinArgumentDecorator object at 0x7c8f9e351810>, verb_extension=<colcon_core.verb.build.BuildVerb object at 0x7c8f9e351240>, main=<bound method BuildVerb.main of <colcon_core.verb.build.BuildVerb object at 0x7c8f9e351240>>, mixin_verb=('build',))
[1.494s] Level 1:colcon.colcon_core.package_discovery:discover_packages(colcon_meta) check parameters
[1.494s] Level 1:colcon.colcon_core.package_discovery:discover_packages(recursive) check parameters
[1.494s] Level 1:colcon.colcon_core.package_discovery:discover_packages(ignore) check parameters
[1.495s] Level 1:colcon.colcon_core.package_discovery:discover_packages(path) check parameters
[1.495s] Level 1:colcon.colcon_core.package_discovery:discover_packages(colcon_meta) discover
[1.495s] Level 1:colcon.colcon_core.package_discovery:discover_packages(recursive) discover
[1.495s] INFO:colcon.colcon_core.package_discovery:Crawling recursively for packages in '/home/zyb/桌面/新建文件夹/teamX_challenge'
[1.495s] Level 1:colcon.colcon_core.package_identification:_identify(.) by extensions ['ignore', 'ignore_ament_install']
[1.495s] Level 1:colcon.colcon_core.package_identification:_identify(.) by extension 'ignore'
[1.497s] Level 1:colcon.colcon_core.package_identification:_identify(.) by extension 'ignore_ament_install'
[1.497s] Level 1:colcon.colcon_core.package_identification:_identify(.) by extensions ['colcon_pkg']
[1.497s] Level 1:colcon.colcon_core.package_identification:_identify(.) by extension 'colcon_pkg'
[1.497s] Level 1:colcon.colcon_core.package_identification:_identify(.) by extensions ['colcon_meta']
[1.497s] Level 1:colcon.colcon_core.package_identification:_identify(.) by extension 'colcon_meta'
[1.497s] Level 1:colcon.colcon_core.package_identification:_identify(.) by extensions ['ros']
[1.498s] Level 1:colcon.colcon_core.package_identification:_identify(.) by extension 'ros'
[1.530s] Level 1:colcon.colcon_core.package_identification:_identify(.) by extensions ['cmake', 'python']
[1.530s] Level 1:colcon.colcon_core.package_identification:_identify(.) by extension 'cmake'
[1.530s] Level 1:colcon.colcon_core.package_identification:_identify(.) by extension 'python'
[1.530s] Level 1:colcon.colcon_core.package_identification:_identify(.) by extensions ['python_setup_py']
[1.531s] Level 1:colcon.colcon_core.package_identification:_identify(.) by extension 'python_setup_py'
[1.531s] Level 1:colcon.colcon_core.package_identification:_identify(build) by extensions ['ignore', 'ignore_ament_install']
[1.531s] Level 1:colcon.colcon_core.package_identification:_identify(build) by extension 'ignore'
[1.531s] Level 1:colcon.colcon_core.package_identification:_identify(build) ignored
[1.532s] Level 1:colcon.colcon_core.package_identification:_identify(install) by extensions ['ignore', 'ignore_ament_install']
[1.532s] Level 1:colcon.colcon_core.package_identification:_identify(install) by extension 'ignore'
[1.532s] Level 1:colcon.colcon_core.package_identification:_identify(install) ignored
[1.532s] Level 1:colcon.colcon_core.package_identification:_identify(log) by extensions ['ignore', 'ignore_ament_install']
[1.533s] Level 1:colcon.colcon_core.package_identification:_identify(log) by extension 'ignore'
[1.533s] Level 1:colcon.colcon_core.package_identification:_identify(log) ignored
[1.533s] Level 1:colcon.colcon_core.package_identification:_identify(src) by extensions ['ignore', 'ignore_ament_install']
[1.533s] Level 1:colcon.colcon_core.package_identification:_identify(src) by extension 'ignore'
[1.533s] Level 1:colcon.colcon_core.package_identification:_identify(src) by extension 'ignore_ament_install'
[1.533s] Level 1:colcon.colcon_core.package_identification:_identify(src) by extensions ['colcon_pkg']
[1.533s] Level 1:colcon.colcon_core.package_identification:_identify(src) by extension 'colcon_pkg'
[1.533s] Level 1:colcon.colcon_core.package_identification:_identify(src) by extensions ['colcon_meta']
[1.533s] Level 1:colcon.colcon_core.package_identification:_identify(src) by extension 'colcon_meta'
[1.533s] Level 1:colcon.colcon_core.package_identification:_identify(src) by extensions ['ros']
[1.533s] Level 1:colcon.colcon_core.package_identification:_identify(src) by extension 'ros'
[1.534s] Level 1:colcon.colcon_core.package_identification:_identify(src) by extensions ['cmake', 'python']
[1.534s] Level 1:colcon.colcon_core.package_identification:_identify(src) by extension 'cmake'
[1.534s] Level 1:colcon.colcon_core.package_identification:_identify(src) by extension 'python'
[1.534s] Level 1:colcon.colcon_core.package_identification:_identify(src) by extensions ['python_setup_py']
[1.534s] Level 1:colcon.colcon_core.package_identification:_identify(src) by extension 'python_setup_py'
[1.534s] Level 1:colcon.colcon_core.package_identification:_identify(src/my_package) by extensions ['ignore', 'ignore_ament_install']
[1.535s] Level 1:colcon.colcon_core.package_identification:_identify(src/my_package) by extension 'ignore'
[1.535s] Level 1:colcon.colcon_core.package_identification:_identify(src/my_package) by extension 'ignore_ament_install'
[1.535s] Level 1:colcon.colcon_core.package_identification:_identify(src/my_package) by extensions ['colcon_pkg']
[1.535s] Level 1:colcon.colcon_core.package_identification:_identify(src/my_package) by extension 'colcon_pkg'
[1.535s] Level 1:colcon.colcon_core.package_identification:_identify(src/my_package) by extensions ['colcon_meta']
[1.535s] Level 1:colcon.colcon_core.package_identification:_identify(src/my_package) by extension 'colcon_meta'
[1.535s] Level 1:colcon.colcon_core.package_identification:_identify(src/my_package) by extensions ['ros']
[1.535s] Level 1:colcon.colcon_core.package_identification:_identify(src/my_package) by extension 'ros'
[1.546s] DEBUG:colcon.colcon_core.package_identification:Package 'src/my_package' with type 'ros.ament_cmake' and name 'my_package'
[1.546s] Level 1:colcon.colcon_core.package_identification:_identify(src/referee_pkg) by extensions ['ignore', 'ignore_ament_install']
[1.546s] Level 1:colcon.colcon_core.package_identification:_identify(src/referee_pkg) by extension 'ignore'
[1.546s] Level 1:colcon.colcon_core.package_identification:_identify(src/referee_pkg) by extension 'ignore_ament_install'
[1.546s] Level 1:colcon.colcon_core.package_identification:_identify(src/referee_pkg) by extensions ['colcon_pkg']
[1.546s] Level 1:colcon.colcon_core.package_identification:_identify(src/referee_pkg) by extension 'colcon_pkg'
[1.547s] Level 1:colcon.colcon_core.package_identification:_identify(src/referee_pkg) by extensions ['colcon_meta']
[1.547s] Level 1:colcon.colcon_core.package_identification:_identify(src/referee_pkg) by extension 'colcon_meta'
[1.547s] Level 1:colcon.colcon_core.package_identification:_identify(src/referee_pkg) by extensions ['ros']
[1.547s] Level 1:colcon.colcon_core.package_identification:_identify(src/referee_pkg) by extension 'ros'
[1.547s] Level 1:colcon.colcon_core.package_identification:_identify(src/referee_pkg) by extensions ['cmake', 'python']
[1.547s] Level 1:colcon.colcon_core.package_identification:_identify(src/referee_pkg) by extension 'cmake'
[1.547s] Level 1:colcon.colcon_core.package_identification:_identify(src/referee_pkg) by extension 'python'
[1.547s] Level 1:colcon.colcon_core.package_identification:_identify(src/referee_pkg) by extensions ['python_setup_py']
[1.547s] Level 1:colcon.colcon_core.package_identification:_identify(src/referee_pkg) by extension 'python_setup_py'
[1.547s] Level 1:colcon.colcon_core.package_identification:_identify(src/referee_pkg/include) by extensions ['ignore', 'ignore_ament_install']
[1.547s] Level 1:colcon.colcon_core.package_identification:_identify(src/referee_pkg/include) by extension 'ignore'
[1.547s] Level 1:colcon.colcon_core.package_identification:_identify(src/referee_pkg/include) by extension 'ignore_ament_install'
[1.548s] Level 1:colcon.colcon_core.package_identification:_identify(src/referee_pkg/include) by extensions ['colcon_pkg']
[1.548s] Level 1:colcon.colcon_core.package_identification:_identify(src/referee_pkg/include) by extension 'colcon_pkg'
[1.548s] Level 1:colcon.colcon_core.package_identification:_identify(src/referee_pkg/include) by extensions ['colcon_meta']
[1.548s] Level 1:colcon.colcon_core.package_identification:_identify(src/referee_pkg/include) by extension 'colcon_meta'
[1.548s] Level 1:colcon.colcon_core.package_identification:_identify(src/referee_pkg/include) by extensions ['ros']
[1.548s] Level 1:colcon.colcon_core.package_identification:_identify(src/referee_pkg/include) by extension 'ros'
[1.548s] Level 1:colcon.colcon_core.package_identification:_identify(src/referee_pkg/include) by extensions ['cmake', 'python']
[1.548s] Level 1:colcon.colcon_core.package_identification:_identify(src/referee_pkg/include) by extension 'cmake'
[1.548s] Level 1:colcon.colcon_core.package_identification:_identify(src/referee_pkg/include) by extension 'python'
[1.548s] Level 1:colcon.colcon_core.package_identification:_identify(src/referee_pkg/include) by extensions ['python_setup_py']
[1.549s] Level 1:colcon.colcon_core.package_identification:_identify(src/referee_pkg/include) by extension 'python_setup_py'
[1.549s] Level 1:colcon.colcon_core.package_identification:_identify(src/referee_pkg/include/referee_pkg) by extensions ['ignore', 'ignore_ament_install']
[1.549s] Level 1:colcon.colcon_core.package_identification:_identify(src/referee_pkg/include/referee_pkg) by extension 'ignore'
[1.549s] Level 1:colcon.colcon_core.package_identification:_identify(src/referee_pkg/include/referee_pkg) by extension 'ignore_ament_install'
[1.549s] Level 1:colcon.colcon_core.package_identification:_identify(src/referee_pkg/include/referee_pkg) by extensions ['colcon_pkg']
[1.549s] Level 1:colcon.colcon_core.package_identification:_identify(src/referee_pkg/include/referee_pkg) by extension 'colcon_pkg'
[1.549s] Level 1:colcon.colcon_core.package_identification:_identify(src/referee_pkg/include/referee_pkg) by extensions ['colcon_meta']
[1.549s] Level 1:colcon.colcon_core.package_identification:_identify(src/referee_pkg/include/referee_pkg) by extension 'colcon_meta'
[1.549s] Level 1:colcon.colcon_core.package_identification:_identify(src/referee_pkg/include/referee_pkg) by extensions ['ros']
[1.549s] Level 1:colcon.colcon_core.package_identification:_identify(src/referee_pkg/include/referee_pkg) by extension 'ros'
[1.549s] Level 1:colcon.colcon_core.package_identification:_identify(src/referee_pkg/include/referee_pkg) by extensions ['cmake', 'python']
[1.550s] Level 1:colcon.colcon_core.package_identification:_identify(src/referee_pkg/include/referee_pkg) by extension 'cmake'
[1.550s] Level 1:colcon.colcon_core.package_identification:_identify(src/referee_pkg/include/referee_pkg) by extension 'python'
[1.550s] Level 1:colcon.colcon_core.package_identification:_identify(src/referee_pkg/include/referee_pkg) by extensions ['python_setup_py']
[1.550s] Level 1:colcon.colcon_core.package_identification:_identify(src/referee_pkg/include/referee_pkg) by extension 'python_setup_py'
[1.550s] Level 1:colcon.colcon_core.package_identification:_identify(src/referee_pkg/include/referee_pkg/msg) by extensions ['ignore', 'ignore_ament_install']
[1.550s] Level 1:colcon.colcon_core.package_identification:_identify(src/referee_pkg/include/referee_pkg/msg) by extension 'ignore'
[1.550s] Level 1:colcon.colcon_core.package_identification:_identify(src/referee_pkg/include/referee_pkg/msg) by extension 'ignore_ament_install'
[1.550s] Level 1:colcon.colcon_core.package_identification:_identify(src/referee_pkg/include/referee_pkg/msg) by extensions ['colcon_pkg']
[1.550s] Level 1:colcon.colcon_core.package_identification:_identify(src/referee_pkg/include/referee_pkg/msg) by extension 'colcon_pkg'
[1.550s] Level 1:colcon.colcon_core.package_identification:_identify(src/referee_pkg/include/referee_pkg/msg) by extensions ['colcon_meta']
[1.550s] Level 1:colcon.colcon_core.package_identification:_identify(src/referee_pkg/include/referee_pkg/msg) by extension 'colcon_meta'
[1.551s] Level 1:colcon.colcon_core.package_identification:_identify(src/referee_pkg/include/referee_pkg/msg) by extensions ['ros']
[1.551s] Level 1:colcon.colcon_core.package_identification:_identify(src/referee_pkg/include/referee_pkg/msg) by extension 'ros'
[1.551s] Level 1:colcon.colcon_core.package_identification:_identify(src/referee_pkg/include/referee_pkg/msg) by extensions ['cmake', 'python']
[1.551s] Level 1:colcon.colcon_core.package_identification:_identify(src/referee_pkg/include/referee_pkg/msg) by extension 'cmake'
[1.551s] Level 1:colcon.colcon_core.package_identification:_identify(src/referee_pkg/include/referee_pkg/msg) by extension 'python'
[1.551s] Level 1:colcon.colcon_core.package_identification:_identify(src/referee_pkg/include/referee_pkg/msg) by extensions ['python_setup_py']
[1.551s] Level 1:colcon.colcon_core.package_identification:_identify(src/referee_pkg/include/referee_pkg/msg) by extension 'python_setup_py'
[1.551s] Level 1:colcon.colcon_core.package_identification:_identify(src/referee_pkg/include/referee_pkg/msg/detail) by extensions ['ignore', 'ignore_ament_install']
[1.551s] Level 1:colcon.colcon_core.package_identification:_identify(src/referee_pkg/include/referee_pkg/msg/detail) by extension 'ignore'
[1.551s] Level 1:colcon.colcon_core.package_identification:_identify(src/referee_pkg/include/referee_pkg/msg/detail) by extension 'ignore_ament_install'
[1.552s] Level 1:colcon.colcon_core.package_identification:_identify(src/referee_pkg/include/referee_pkg/msg/detail) by extensions ['colcon_pkg']
[1.552s] Level 1:colcon.colcon_core.package_identification:_identify(src/referee_pkg/include/referee_pkg/msg/detail) by extension 'colcon_pkg'
[1.552s] Level 1:colcon.colcon_core.package_identification:_identify(src/referee_pkg/include/referee_pkg/msg/detail) by extensions ['colcon_meta']
[1.552s] Level 1:colcon.colcon_core.package_identification:_identify(src/referee_pkg/include/referee_pkg/msg/detail) by extension 'colcon_meta'
[1.552s] Level 1:colcon.colcon_core.package_identification:_identify(src/referee_pkg/include/referee_pkg/msg/detail) by extensions ['ros']
[1.552s] Level 1:colcon.colcon_core.package_identification:_identify(src/referee_pkg/include/referee_pkg/msg/detail) by extension 'ros'
[1.552s] Level 1:colcon.colcon_core.package_identification:_identify(src/referee_pkg/include/referee_pkg/msg/detail) by extensions ['cmake', 'python']
[1.552s] Level 1:colcon.colcon_core.package_identification:_identify(src/referee_pkg/include/referee_pkg/msg/detail) by extension 'cmake'
[1.552s] Level 1:colcon.colcon_core.package_identification:_identify(src/referee_pkg/include/referee_pkg/msg/detail) by extension 'python'
[1.552s] Level 1:colcon.colcon_core.package_identification:_identify(src/referee_pkg/include/referee_pkg/msg/detail) by extensions ['python_setup_py']
[1.552s] Level 1:colcon.colcon_core.package_identification:_identify(src/referee_pkg/include/referee_pkg/msg/detail) by extension 'python_setup_py'
[1.553s] Level 1:colcon.colcon_core.package_identification:_identify(src/referee_pkg/include/referee_pkg/referee_pkg) by extensions ['ignore', 'ignore_ament_install']
[1.553s] Level 1:colcon.colcon_core.package_identification:_identify(src/referee_pkg/include/referee_pkg/referee_pkg) by extension 'ignore'
[1.553s] Level 1:colcon.colcon_core.package_identification:_identify(src/referee_pkg/include/referee_pkg/referee_pkg) by extension 'ignore_ament_install'
[1.553s] Level 1:colcon.colcon_core.package_identification:_identify(src/referee_pkg/include/referee_pkg/referee_pkg) by extensions ['colcon_pkg']
[1.553s] Level 1:colcon.colcon_core.package_identification:_identify(src/referee_pkg/include/referee_pkg/referee_pkg) by extension 'colcon_pkg'
[1.553s] Level 1:colcon.colcon_core.package_identification:_identify(src/referee_pkg/include/referee_pkg/referee_pkg) by extensions ['colcon_meta']
[1.553s] Level 1:colcon.colcon_core.package_identification:_identify(src/referee_pkg/include/referee_pkg/referee_pkg) by extension 'colcon_meta'
[1.553s] Level 1:colcon.colcon_core.package_identification:_identify(src/referee_pkg/include/referee_pkg/referee_pkg) by extensions ['ros']
[1.553s] Level 1:colcon.colcon_core.package_identification:_identify(src/referee_pkg/include/referee_pkg/referee_pkg) by extension 'ros'
[1.553s] Level 1:colcon.colcon_core.package_identification:_identify(src/referee_pkg/include/referee_pkg/referee_pkg) by extensions ['cmake', 'python']
[1.553s] Level 1:colcon.colcon_core.package_identification:_identify(src/referee_pkg/include/referee_pkg/referee_pkg) by extension 'cmake'
[1.553s] Level 1:colcon.colcon_core.package_identification:_identify(src/referee_pkg/include/referee_pkg/referee_pkg) by extension 'python'
[1.553s] Level 1:colcon.colcon_core.package_identification:_identify(src/referee_pkg/include/referee_pkg/referee_pkg) by extensions ['python_setup_py']
[1.553s] Level 1:colcon.colcon_core.package_identification:_identify(src/referee_pkg/include/referee_pkg/referee_pkg) by extension 'python_setup_py'
[1.554s] Level 1:colcon.colcon_core.package_identification:_identify(src/referee_pkg/include/referee_pkg/referee_pkg/msg) by extensions ['ignore', 'ignore_ament_install']
[1.554s] Level 1:colcon.colcon_core.package_identification:_identify(src/referee_pkg/include/referee_pkg/referee_pkg/msg) by extension 'ignore'
[1.554s] Level 1:colcon.colcon_core.package_identification:_identify(src/referee_pkg/include/referee_pkg/referee_pkg/msg) by extension 'ignore_ament_install'
[1.554s] Level 1:colcon.colcon_core.package_identification:_identify(src/referee_pkg/include/referee_pkg/referee_pkg/msg) by extensions ['colcon_pkg']
[1.554s] Level 1:colcon.colcon_core.package_identification:_identify(src/referee_pkg/include/referee_pkg/referee_pkg/msg) by extension 'colcon_pkg'
[1.554s] Level 1:colcon.colcon_core.package_identification:_identify(src/referee_pkg/include/referee_pkg/referee_pkg/msg) by extensions ['colcon_meta']
[1.555s] Level 1:colcon.colcon_core.package_identification:_identify(src/referee_pkg/include/referee_pkg/referee_pkg/msg) by extension 'colcon_meta'
[1.555s] Level 1:colcon.colcon_core.package_identification:_identify(src/referee_pkg/include/referee_pkg/referee_pkg/msg) by extensions ['ros']
[1.555s] Level 1:colcon.colcon_core.package_identification:_identify(src/referee_pkg/include/referee_pkg/referee_pkg/msg) by extension 'ros'
[1.555s] Level 1:colcon.colcon_core.package_identification:_identify(src/referee_pkg/include/referee_pkg/referee_pkg/msg) by extensions ['cmake', 'python']
[1.555s] Level 1:colcon.colcon_core.package_identification:_identify(src/referee_pkg/include/referee_pkg/referee_pkg/msg) by extension 'cmake'
[1.555s] Level 1:colcon.colcon_core.package_identification:_identify(src/referee_pkg/include/referee_pkg/referee_pkg/msg) by extension 'python'
[1.555s] Level 1:colcon.colcon_core.package_identification:_identify(src/referee_pkg/include/referee_pkg/referee_pkg/msg) by extensions ['python_setup_py']
[1.555s] Level 1:colcon.colcon_core.package_identification:_identify(src/referee_pkg/include/referee_pkg/referee_pkg/msg) by extension 'python_setup_py'
[1.556s] Level 1:colcon.colcon_core.package_identification:_identify(src/referee_pkg/include/referee_pkg/referee_pkg/msg/detail) by extensions ['ignore', 'ignore_ament_install']
[1.556s] Level 1:colcon.colcon_core.package_identification:_identify(src/referee_pkg/include/referee_pkg/referee_pkg/msg/detail) by extension 'ignore'
[1.556s] Level 1:colcon.colcon_core.package_identification:_identify(src/referee_pkg/include/referee_pkg/referee_pkg/msg/detail) by extension 'ignore_ament_install'
[1.556s] Level 1:colcon.colcon_core.package_identification:_identify(src/referee_pkg/include/referee_pkg/referee_pkg/msg/detail) by extensions ['colcon_pkg']
[1.556s] Level 1:colcon.colcon_core.package_identification:_identify(src/referee_pkg/include/referee_pkg/referee_pkg/msg/detail) by extension 'colcon_pkg'
[1.556s] Level 1:colcon.colcon_core.package_identification:_identify(src/referee_pkg/include/referee_pkg/referee_pkg/msg/detail) by extensions ['colcon_meta']
[1.556s] Level 1:colcon.colcon_core.package_identification:_identify(src/referee_pkg/include/referee_pkg/referee_pkg/msg/detail) by extension 'colcon_meta'
[1.556s] Level 1:colcon.colcon_core.package_identification:_identify(src/referee_pkg/include/referee_pkg/referee_pkg/msg/detail) by extensions ['ros']
[1.556s] Level 1:colcon.colcon_core.package_identification:_identify(src/referee_pkg/include/referee_pkg/referee_pkg/msg/detail) by extension 'ros'
[1.556s] Level 1:colcon.colcon_core.package_identification:_identify(src/referee_pkg/include/referee_pkg/referee_pkg/msg/detail) by extensions ['cmake', 'python']
[1.557s] Level 1:colcon.colcon_core.package_identification:_identify(src/referee_pkg/include/referee_pkg/referee_pkg/msg/detail) by extension 'cmake'
[1.557s] Level 1:colcon.colcon_core.package_identification:_identify(src/referee_pkg/include/referee_pkg/referee_pkg/msg/detail) by extension 'python'
[1.557s] Level 1:colcon.colcon_core.package_identification:_identify(src/referee_pkg/include/referee_pkg/referee_pkg/msg/detail) by extensions ['python_setup_py']
[1.557s] Level 1:colcon.colcon_core.package_identification:_identify(src/referee_pkg/include/referee_pkg/referee_pkg/msg/detail) by extension 'python_setup_py'
[1.557s] Level 1:colcon.colcon_core.package_identification:_identify(src/referee_pkg/include/referee_pkg/referee_pkg/srv) by extensions ['ignore', 'ignore_ament_install']
[1.557s] Level 1:colcon.colcon_core.package_identification:_identify(src/referee_pkg/include/referee_pkg/referee_pkg/srv) by extension 'ignore'
[1.557s] Level 1:colcon.colcon_core.package_identification:_identify(src/referee_pkg/include/referee_pkg/referee_pkg/srv) by extension 'ignore_ament_install'
[1.557s] Level 1:colcon.colcon_core.package_identification:_identify(src/referee_pkg/include/referee_pkg/referee_pkg/srv) by extensions ['colcon_pkg']
[1.557s] Level 1:colcon.colcon_core.package_identification:_identify(src/referee_pkg/include/referee_pkg/referee_pkg/srv) by extension 'colcon_pkg'
[1.558s] Level 1:colcon.colcon_core.package_identification:_identify(src/referee_pkg/include/referee_pkg/referee_pkg/srv) by extensions ['colcon_meta']
[1.558s] Level 1:colcon.colcon_core.package_identification:_identify(src/referee_pkg/include/referee_pkg/referee_pkg/srv) by extension 'colcon_meta'
[1.558s] Level 1:colcon.colcon_core.package_identification:_identify(src/referee_pkg/include/referee_pkg/referee_pkg/srv) by extensions ['ros']
[1.558s] Level 1:colcon.colcon_core.package_identification:_identify(src/referee_pkg/include/referee_pkg/referee_pkg/srv) by extension 'ros'
[1.558s] Level 1:colcon.colcon_core.package_identification:_identify(src/referee_pkg/include/referee_pkg/referee_pkg/srv) by extensions ['cmake', 'python']
[1.558s] Level 1:colcon.colcon_core.package_identification:_identify(src/referee_pkg/include/referee_pkg/referee_pkg/srv) by extension 'cmake'
[1.558s] Level 1:colcon.colcon_core.package_identification:_identify(src/referee_pkg/include/referee_pkg/referee_pkg/srv) by extension 'python'
[1.558s] Level 1:colcon.colcon_core.package_identification:_identify(src/referee_pkg/include/referee_pkg/referee_pkg/srv) by extensions ['python_setup_py']
[1.558s] Level 1:colcon.colcon_core.package_identification:_identify(src/referee_pkg/include/referee_pkg/referee_pkg/srv) by extension 'python_setup_py'
[1.559s] Level 1:colcon.colcon_core.package_identification:_identify(src/referee_pkg/include/referee_pkg/referee_pkg/srv/detail) by extensions ['ignore', 'ignore_ament_install']
[1.559s] Level 1:colcon.colcon_core.package_identification:_identify(src/referee_pkg/include/referee_pkg/referee_pkg/srv/detail) by extension 'ignore'
[1.559s] Level 1:colcon.colcon_core.package_identification:_identify(src/referee_pkg/include/referee_pkg/referee_pkg/srv/detail) by extension 'ignore_ament_install'
[1.559s] Level 1:colcon.colcon_core.package_identification:_identify(src/referee_pkg/include/referee_pkg/referee_pkg/srv/detail) by extensions ['colcon_pkg']
[1.559s] Level 1:colcon.colcon_core.package_identification:_identify(src/referee_pkg/include/referee_pkg/referee_pkg/srv/detail) by extension 'colcon_pkg'
[1.559s] Level 1:colcon.colcon_core.package_identification:_identify(src/referee_pkg/include/referee_pkg/referee_pkg/srv/detail) by extensions ['colcon_meta']
[1.559s] Level 1:colcon.colcon_core.package_identification:_identify(src/referee_pkg/include/referee_pkg/referee_pkg/srv/detail) by extension 'colcon_meta'
[1.559s] Level 1:colcon.colcon_core.package_identification:_identify(src/referee_pkg/include/referee_pkg/referee_pkg/srv/detail) by extensions ['ros']
[1.560s] Level 1:colcon.colcon_core.package_identification:_identify(src/referee_pkg/include/referee_pkg/referee_pkg/srv/detail) by extension 'ros'
[1.560s] Level 1:colcon.colcon_core.package_identification:_identify(src/referee_pkg/include/referee_pkg/referee_pkg/srv/detail) by extensions ['cmake', 'python']
[1.560s] Level 1:colcon.colcon_core.package_identification:_identify(src/referee_pkg/include/referee_pkg/referee_pkg/srv/detail) by extension 'cmake'
[1.560s] Level 1:colcon.colcon_core.package_identification:_identify(src/referee_pkg/include/referee_pkg/referee_pkg/srv/detail) by extension 'python'
[1.560s] Level 1:colcon.colcon_core.package_identification:_identify(src/referee_pkg/include/referee_pkg/referee_pkg/srv/detail) by extensions ['python_setup_py']
[1.560s] Level 1:colcon.colcon_core.package_identification:_identify(src/referee_pkg/include/referee_pkg/referee_pkg/srv/detail) by extension 'python_setup_py'
[1.560s] Level 1:colcon.colcon_core.package_identification:_identify(src/referee_pkg/include/referee_pkg/srv) by extensions ['ignore', 'ignore_ament_install']
[1.560s] Level 1:colcon.colcon_core.package_identification:_identify(src/referee_pkg/include/referee_pkg/srv) by extension 'ignore'
[1.560s] Level 1:colcon.colcon_core.package_identification:_identify(src/referee_pkg/include/referee_pkg/srv) by extension 'ignore_ament_install'
[1.561s] Level 1:colcon.colcon_core.package_identification:_identify(src/referee_pkg/include/referee_pkg/srv) by extensions ['colcon_pkg']
[1.561s] Level 1:colcon.colcon_core.package_identification:_identify(src/referee_pkg/include/referee_pkg/srv) by extension 'colcon_pkg'
[1.561s] Level 1:colcon.colcon_core.package_identification:_identify(src/referee_pkg/include/referee_pkg/srv) by extensions ['colcon_meta']
[1.561s] Level 1:colcon.colcon_core.package_identification:_identify(src/referee_pkg/include/referee_pkg/srv) by extension 'colcon_meta'
[1.561s] Level 1:colcon.colcon_core.package_identification:_identify(src/referee_pkg/include/referee_pkg/srv) by extensions ['ros']
[1.561s] Level 1:colcon.colcon_core.package_identification:_identify(src/referee_pkg/include/referee_pkg/srv) by extension 'ros'
[1.561s] Level 1:colcon.colcon_core.package_identification:_identify(src/referee_pkg/include/referee_pkg/srv) by extensions ['cmake', 'python']
[1.561s] Level 1:colcon.colcon_core.package_identification:_identify(src/referee_pkg/include/referee_pkg/srv) by extension 'cmake'
[1.561s] Level 1:colcon.colcon_core.package_identification:_identify(src/referee_pkg/include/referee_pkg/srv) by extension 'python'
[1.561s] Level 1:colcon.colcon_core.package_identification:_identify(src/referee_pkg/include/referee_pkg/srv) by extensions ['python_setup_py']
[1.562s] Level 1:colcon.colcon_core.package_identification:_identify(src/referee_pkg/include/referee_pkg/srv) by extension 'python_setup_py'
[1.562s] Level 1:colcon.colcon_core.package_identification:_identify(src/referee_pkg/include/referee_pkg/srv/detail) by extensions ['ignore', 'ignore_ament_install']
[1.562s] Level 1:colcon.colcon_core.package_identification:_identify(src/referee_pkg/include/referee_pkg/srv/detail) by extension 'ignore'
[1.562s] Level 1:colcon.colcon_core.package_identification:_identify(src/referee_pkg/include/referee_pkg/srv/detail) by extension 'ignore_ament_install'
[1.562s] Level 1:colcon.colcon_core.package_identification:_identify(src/referee_pkg/include/referee_pkg/srv/detail) by extensions ['colcon_pkg']
[1.562s] Level 1:colcon.colcon_core.package_identification:_identify(src/referee_pkg/include/referee_pkg/srv/detail) by extension 'colcon_pkg'
[1.562s] Level 1:colcon.colcon_core.package_identification:_identify(src/referee_pkg/include/referee_pkg/srv/detail) by extensions ['colcon_meta']
[1.562s] Level 1:colcon.colcon_core.package_identification:_identify(src/referee_pkg/include/referee_pkg/srv/detail) by extension 'colcon_meta'
[1.562s] Level 1:colcon.colcon_core.package_identification:_identify(src/referee_pkg/include/referee_pkg/srv/detail) by extensions ['ros']
[1.562s] Level 1:colcon.colcon_core.package_identification:_identify(src/referee_pkg/include/referee_pkg/srv/detail) by extension 'ros'
[1.562s] Level 1:colcon.colcon_core.package_identification:_identify(src/referee_pkg/include/referee_pkg/srv/detail) by extensions ['cmake', 'python']
[1.562s] Level 1:colcon.colcon_core.package_identification:_identify(src/referee_pkg/include/referee_pkg/srv/detail) by extension 'cmake'
[1.563s] Level 1:colcon.colcon_core.package_identification:_identify(src/referee_pkg/include/referee_pkg/srv/detail) by extension 'python'
[1.563s] Level 1:colcon.colcon_core.package_identification:_identify(src/referee_pkg/include/referee_pkg/srv/detail) by extensions ['python_setup_py']
[1.563s] Level 1:colcon.colcon_core.package_identification:_identify(src/referee_pkg/include/referee_pkg/srv/detail) by extension 'python_setup_py'
[1.563s] Level 1:colcon.colcon_core.package_identification:_identify(src/referee_pkg/lib) by extensions ['ignore', 'ignore_ament_install']
[1.563s] Level 1:colcon.colcon_core.package_identification:_identify(src/referee_pkg/lib) by extension 'ignore'
[1.563s] Level 1:colcon.colcon_core.package_identification:_identify(src/referee_pkg/lib) by extension 'ignore_ament_install'
[1.563s] Level 1:colcon.colcon_core.package_identification:_identify(src/referee_pkg/lib) by extensions ['colcon_pkg']
[1.563s] Level 1:colcon.colcon_core.package_identification:_identify(src/referee_pkg/lib) by extension 'colcon_pkg'
[1.563s] Level 1:colcon.colcon_core.package_identification:_identify(src/referee_pkg/lib) by extensions ['colcon_meta']
[1.563s] Level 1:colcon.colcon_core.package_identification:_identify(src/referee_pkg/lib) by extension 'colcon_meta'
[1.563s] Level 1:colcon.colcon_core.package_identification:_identify(src/referee_pkg/lib) by extensions ['ros']
[1.563s] Level 1:colcon.colcon_core.package_identification:_identify(src/referee_pkg/lib) by extension 'ros'
[1.564s] Level 1:colcon.colcon_core.package_identification:_identify(src/referee_pkg/lib) by extensions ['cmake', 'python']
[1.564s] Level 1:colcon.colcon_core.package_identification:_identify(src/referee_pkg/lib) by extension 'cmake'
[1.564s] Level 1:colcon.colcon_core.package_identification:_identify(src/referee_pkg/lib) by extension 'python'
[1.564s] Level 1:colcon.colcon_core.package_identification:_identify(src/referee_pkg/lib) by extensions ['python_setup_py']
[1.564s] Level 1:colcon.colcon_core.package_identification:_identify(src/referee_pkg/lib) by extension 'python_setup_py'
[1.564s] Level 1:colcon.colcon_core.package_identification:_identify(src/referee_pkg/lib/referee_pkg) by extensions ['ignore', 'ignore_ament_install']
[1.564s] Level 1:colcon.colcon_core.package_identification:_identify(src/referee_pkg/lib/referee_pkg) by extension 'ignore'
[1.565s] Level 1:colcon.colcon_core.package_identification:_identify(src/referee_pkg/lib/referee_pkg) by extension 'ignore_ament_install'
[1.565s] Level 1:colcon.colcon_core.package_identification:_identify(src/referee_pkg/lib/referee_pkg) by extensions ['colcon_pkg']
[1.565s] Level 1:colcon.colcon_core.package_identification:_identify(src/referee_pkg/lib/referee_pkg) by extension 'colcon_pkg'
[1.565s] Level 1:colcon.colcon_core.package_identification:_identify(src/referee_pkg/lib/referee_pkg) by extensions ['colcon_meta']
[1.565s] Level 1:colcon.colcon_core.package_identification:_identify(src/referee_pkg/lib/referee_pkg) by extension 'colcon_meta'
[1.565s] Level 1:colcon.colcon_core.package_identification:_identify(src/referee_pkg/lib/referee_pkg) by extensions ['ros']
[1.565s] Level 1:colcon.colcon_core.package_identification:_identify(src/referee_pkg/lib/referee_pkg) by extension 'ros'
[1.565s] Level 1:colcon.colcon_core.package_identification:_identify(src/referee_pkg/lib/referee_pkg) by extensions ['cmake', 'python']
[1.565s] Level 1:colcon.colcon_core.package_identification:_identify(src/referee_pkg/lib/referee_pkg) by extension 'cmake'
[1.565s] Level 1:colcon.colcon_core.package_identification:_identify(src/referee_pkg/lib/referee_pkg) by extension 'python'
[1.565s] Level 1:colcon.colcon_core.package_identification:_identify(src/referee_pkg/lib/referee_pkg) by extensions ['python_setup_py']
[1.565s] Level 1:colcon.colcon_core.package_identification:_identify(src/referee_pkg/lib/referee_pkg) by extension 'python_setup_py'
[1.566s] Level 1:colcon.colcon_core.package_identification:_identify(src/referee_pkg/local) by extensions ['ignore', 'ignore_ament_install']
[1.566s] Level 1:colcon.colcon_core.package_identification:_identify(src/referee_pkg/local) by extension 'ignore'
[1.566s] Level 1:colcon.colcon_core.package_identification:_identify(src/referee_pkg/local) by extension 'ignore_ament_install'
[1.566s] Level 1:colcon.colcon_core.package_identification:_identify(src/referee_pkg/local) by extensions ['colcon_pkg']
[1.566s] Level 1:colcon.colcon_core.package_identification:_identify(src/referee_pkg/local) by extension 'colcon_pkg'
[1.566s] Level 1:colcon.colcon_core.package_identification:_identify(src/referee_pkg/local) by extensions ['colcon_meta']
[1.566s] Level 1:colcon.colcon_core.package_identification:_identify(src/referee_pkg/local) by extension 'colcon_meta'
[1.566s] Level 1:colcon.colcon_core.package_identification:_identify(src/referee_pkg/local) by extensions ['ros']
[1.566s] Level 1:colcon.colcon_core.package_identification:_identify(src/referee_pkg/local) by extension 'ros'
[1.566s] Level 1:colcon.colcon_core.package_identification:_identify(src/referee_pkg/local) by extensions ['cmake', 'python']
[1.566s] Level 1:colcon.colcon_core.package_identification:_identify(src/referee_pkg/local) by extension 'cmake'
[1.567s] Level 1:colcon.colcon_core.package_identification:_identify(src/referee_pkg/local) by extension 'python'
[1.567s] Level 1:colcon.colcon_core.package_identification:_identify(src/referee_pkg/local) by extensions ['python_setup_py']
[1.567s] Level 1:colcon.colcon_core.package_identification:_identify(src/referee_pkg/local) by extension 'python_setup_py'
[1.567s] Level 1:colcon.colcon_core.package_identification:_identify(src/referee_pkg/local/lib) by extensions ['ignore', 'ignore_ament_install']
[1.567s] Level 1:colcon.colcon_core.package_identification:_identify(src/referee_pkg/local/lib) by extension 'ignore'
[1.567s] Level 1:colcon.colcon_core.package_identification:_identify(src/referee_pkg/local/lib) by extension 'ignore_ament_install'
[1.567s] Level 1:colcon.colcon_core.package_identification:_identify(src/referee_pkg/local/lib) by extensions ['colcon_pkg']
[1.567s] Level 1:colcon.colcon_core.package_identification:_identify(src/referee_pkg/local/lib) by extension 'colcon_pkg'
[1.567s] Level 1:colcon.colcon_core.package_identification:_identify(src/referee_pkg/local/lib) by extensions ['colcon_meta']
[1.567s] Level 1:colcon.colcon_core.package_identification:_identify(src/referee_pkg/local/lib) by extension 'colcon_meta'
[1.567s] Level 1:colcon.colcon_core.package_identification:_identify(src/referee_pkg/local/lib) by extensions ['ros']
[1.568s] Level 1:colcon.colcon_core.package_identification:_identify(src/referee_pkg/local/lib) by extension 'ros'
[1.568s] Level 1:colcon.colcon_core.package_identification:_identify(src/referee_pkg/local/lib) by extensions ['cmake', 'python']
[1.568s] Level 1:colcon.colcon_core.package_identification:_identify(src/referee_pkg/local/lib) by extension 'cmake'
[1.568s] Level 1:colcon.colcon_core.package_identification:_identify(src/referee_pkg/local/lib) by extension 'python'
[1.568s] Level 1:colcon.colcon_core.package_identification:_identify(src/referee_pkg/local/lib) by extensions ['python_setup_py']
[1.568s] Level 1:colcon.colcon_core.package_identification:_identify(src/referee_pkg/local/lib) by extension 'python_setup_py'
[1.568s] Level 1:colcon.colcon_core.package_identification:_identify(src/referee_pkg/local/lib/python3.10) by extensions ['ignore', 'ignore_ament_install']
[1.568s] Level 1:colcon.colcon_core.package_identification:_identify(src/referee_pkg/local/lib/python3.10) by extension 'ignore'
[1.568s] Level 1:colcon.colcon_core.package_identification:_identify(src/referee_pkg/local/lib/python3.10) by extension 'ignore_ament_install'
[1.568s] Level 1:colcon.colcon_core.package_identification:_identify(src/referee_pkg/local/lib/python3.10) by extensions ['colcon_pkg']
[1.568s] Level 1:colcon.colcon_core.package_identification:_identify(src/referee_pkg/local/lib/python3.10) by extension 'colcon_pkg'
[1.568s] Level 1:colcon.colcon_core.package_identification:_identify(src/referee_pkg/local/lib/python3.10) by extensions ['colcon_meta']
[1.568s] Level 1:colcon.colcon_core.package_identification:_identify(src/referee_pkg/local/lib/python3.10) by extension 'colcon_meta'
[1.568s] Level 1:colcon.colcon_core.package_identification:_identify(src/referee_pkg/local/lib/python3.10) by extensions ['ros']
[1.568s] Level 1:colcon.colcon_core.package_identification:_identify(src/referee_pkg/local/lib/python3.10) by extension 'ros'
[1.569s] Level 1:colcon.colcon_core.package_identification:_identify(src/referee_pkg/local/lib/python3.10) by extensions ['cmake', 'python']
[1.569s] Level 1:colcon.colcon_core.package_identification:_identify(src/referee_pkg/local/lib/python3.10) by extension 'cmake'
[1.569s] Level 1:colcon.colcon_core.package_identification:_identify(src/referee_pkg/local/lib/python3.10) by extension 'python'
[1.569s] Level 1:colcon.colcon_core.package_identification:_identify(src/referee_pkg/local/lib/python3.10) by extensions ['python_setup_py']
[1.569s] Level 1:colcon.colcon_core.package_identification:_identify(src/referee_pkg/local/lib/python3.10) by extension 'python_setup_py'
[1.570s] Level 1:colcon.colcon_core.package_identification:_identify(src/referee_pkg/local/lib/python3.10/dist-packages) by extensions ['ignore', 'ignore_ament_install']
[1.570s] Level 1:colcon.colcon_core.package_identification:_identify(src/referee_pkg/local/lib/python3.10/dist-packages) by extension 'ignore'
[1.570s] Level 1:colcon.colcon_core.package_identification:_identify(src/referee_pkg/local/lib/python3.10/dist-packages) by extension 'ignore_ament_install'
[1.570s] Level 1:colcon.colcon_core.package_identification:_identify(src/referee_pkg/local/lib/python3.10/dist-packages) by extensions ['colcon_pkg']
[1.570s] Level 1:colcon.colcon_core.package_identification:_identify(src/referee_pkg/local/lib/python3.10/dist-packages) by extension 'colcon_pkg'
[1.570s] Level 1:colcon.colcon_core.package_identification:_identify(src/referee_pkg/local/lib/python3.10/dist-packages) by extensions ['colcon_meta']
[1.570s] Level 1:colcon.colcon_core.package_identification:_identify(src/referee_pkg/local/lib/python3.10/dist-packages) by extension 'colcon_meta'
[1.570s] Level 1:colcon.colcon_core.package_identification:_identify(src/referee_pkg/local/lib/python3.10/dist-packages) by extensions ['ros']
[1.570s] Level 1:colcon.colcon_core.package_identification:_identify(src/referee_pkg/local/lib/python3.10/dist-packages) by extension 'ros'
[1.571s] Level 1:colcon.colcon_core.package_identification:_identify(src/referee_pkg/local/lib/python3.10/dist-packages) by extensions ['cmake', 'python']
[1.571s] Level 1:colcon.colcon_core.package_identification:_identify(src/referee_pkg/local/lib/python3.10/dist-packages) by extension 'cmake'
[1.571s] Level 1:colcon.colcon_core.package_identification:_identify(src/referee_pkg/local/lib/python3.10/dist-packages) by extension 'python'
[1.571s] Level 1:colcon.colcon_core.package_identification:_identify(src/referee_pkg/local/lib/python3.10/dist-packages) by extensions ['python_setup_py']
[1.571s] Level 1:colcon.colcon_core.package_identification:_identify(src/referee_pkg/local/lib/python3.10/dist-packages) by extension 'python_setup_py'
[1.571s] Level 1:colcon.colcon_core.package_identification:_identify(src/referee_pkg/local/lib/python3.10/dist-packages/referee_pkg) by extensions ['ignore', 'ignore_ament_install']
[1.571s] Level 1:colcon.colcon_core.package_identification:_identify(src/referee_pkg/local/lib/python3.10/dist-packages/referee_pkg) by extension 'ignore'
[1.571s] Level 1:colcon.colcon_core.package_identification:_identify(src/referee_pkg/local/lib/python3.10/dist-packages/referee_pkg) by extension 'ignore_ament_install'
[1.572s] Level 1:colcon.colcon_core.package_identification:_identify(src/referee_pkg/local/lib/python3.10/dist-packages/referee_pkg) by extensions ['colcon_pkg']
[1.572s] Level 1:colcon.colcon_core.package_identification:_identify(src/referee_pkg/local/lib/python3.10/dist-packages/referee_pkg) by extension 'colcon_pkg'
[1.572s] Level 1:colcon.colcon_core.package_identification:_identify(src/referee_pkg/local/lib/python3.10/dist-packages/referee_pkg) by extensions ['colcon_meta']
[1.572s] Level 1:colcon.colcon_core.package_identification:_identify(src/referee_pkg/local/lib/python3.10/dist-packages/referee_pkg) by extension 'colcon_meta'
[1.572s] Level 1:colcon.colcon_core.package_identification:_identify(src/referee_pkg/local/lib/python3.10/dist-packages/referee_pkg) by extensions ['ros']
[1.572s] Level 1:colcon.colcon_core.package_identification:_identify(src/referee_pkg/local/lib/python3.10/dist-packages/referee_pkg) by extension 'ros'
[1.572s] Level 1:colcon.colcon_core.package_identification:_identify(src/referee_pkg/local/lib/python3.10/dist-packages/referee_pkg) by extensions ['cmake', 'python']
[1.572s] Level 1:colcon.colcon_core.package_identification:_identify(src/referee_pkg/local/lib/python3.10/dist-packages/referee_pkg) by extension 'cmake'
[1.572s] Level 1:colcon.colcon_core.package_identification:_identify(src/referee_pkg/local/lib/python3.10/dist-packages/referee_pkg) by extension 'python'
[1.572s] Level 1:colcon.colcon_core.package_identification:_identify(src/referee_pkg/local/lib/python3.10/dist-packages/referee_pkg) by extensions ['python_setup_py']
[1.572s] Level 1:colcon.colcon_core.package_identification:_identify(src/referee_pkg/local/lib/python3.10/dist-packages/referee_pkg) by extension 'python_setup_py'
[1.572s] Level 1:colcon.colcon_core.package_identification:_identify(src/referee_pkg/local/lib/python3.10/dist-packages/referee_pkg/__pycache__) by extensions ['ignore', 'ignore_ament_install']
[1.573s] Level 1:colcon.colcon_core.package_identification:_identify(src/referee_pkg/local/lib/python3.10/dist-packages/referee_pkg/__pycache__) by extension 'ignore'
[1.573s] Level 1:colcon.colcon_core.package_identification:_identify(src/referee_pkg/local/lib/python3.10/dist-packages/referee_pkg/__pycache__) by extension 'ignore_ament_install'
[1.573s] Level 1:colcon.colcon_core.package_identification:_identify(src/referee_pkg/local/lib/python3.10/dist-packages/referee_pkg/__pycache__) by extensions ['colcon_pkg']
[1.574s] Level 1:colcon.colcon_core.package_identification:_identify(src/referee_pkg/local/lib/python3.10/dist-packages/referee_pkg/__pycache__) by extension 'colcon_pkg'
[1.574s] Level 1:colcon.colcon_core.package_identification:_identify(src/referee_pkg/local/lib/python3.10/dist-packages/referee_pkg/__pycache__) by extensions ['colcon_meta']
[1.574s] Level 1:colcon.colcon_core.package_identification:_identify(src/referee_pkg/local/lib/python3.10/dist-packages/referee_pkg/__pycache__) by extension 'colcon_meta'
[1.574s] Level 1:colcon.colcon_core.package_identification:_identify(src/referee_pkg/local/lib/python3.10/dist-packages/referee_pkg/__pycache__) by extensions ['ros']
[1.574s] Level 1:colcon.colcon_core.package_identification:_identify(src/referee_pkg/local/lib/python3.10/dist-packages/referee_pkg/__pycache__) by extension 'ros'
[1.574s] Level 1:colcon.colcon_core.package_identification:_identify(src/referee_pkg/local/lib/python3.10/dist-packages/referee_pkg/__pycache__) by extensions ['cmake', 'python']
[1.574s] Level 1:colcon.colcon_core.package_identification:_identify(src/referee_pkg/local/lib/python3.10/dist-packages/referee_pkg/__pycache__) by extension 'cmake'
[1.574s] Level 1:colcon.colcon_core.package_identification:_identify(src/referee_pkg/local/lib/python3.10/dist-packages/referee_pkg/__pycache__) by extension 'python'
[1.574s] Level 1:colcon.colcon_core.package_identification:_identify(src/referee_pkg/local/lib/python3.10/dist-packages/referee_pkg/__pycache__) by extensions ['python_setup_py']
[1.574s] Level 1:colcon.colcon_core.package_identification:_identify(src/referee_pkg/local/lib/python3.10/dist-packages/referee_pkg/__pycache__) by extension 'python_setup_py'
[1.574s] Level 1:colcon.colcon_core.package_identification:_identify(src/referee_pkg/local/lib/python3.10/dist-packages/referee_pkg/msg) by extensions ['ignore', 'ignore_ament_install']
[1.575s] Level 1:colcon.colcon_core.package_identification:_identify(src/referee_pkg/local/lib/python3.10/dist-packages/referee_pkg/msg) by extension 'ignore'
[1.575s] Level 1:colcon.colcon_core.package_identification:_identify(src/referee_pkg/local/lib/python3.10/dist-packages/referee_pkg/msg) by extension 'ignore_ament_install'
[1.575s] Level 1:colcon.colcon_core.package_identification:_identify(src/referee_pkg/local/lib/python3.10/dist-packages/referee_pkg/msg) by extensions ['colcon_pkg']
[1.575s] Level 1:colcon.colcon_core.package_identification:_identify(src/referee_pkg/local/lib/python3.10/dist-packages/referee_pkg/msg) by extension 'colcon_pkg'
[1.575s] Level 1:colcon.colcon_core.package_identification:_identify(src/referee_pkg/local/lib/python3.10/dist-packages/referee_pkg/msg) by extensions ['colcon_meta']
[1.575s] Level 1:colcon.colcon_core.package_identification:_identify(src/referee_pkg/local/lib/python3.10/dist-packages/referee_pkg/msg) by extension 'colcon_meta'
[1.575s] Level 1:colcon.colcon_core.package_identification:_identify(src/referee_pkg/local/lib/python3.10/dist-packages/referee_pkg/msg) by extensions ['ros']
[1.575s] Level 1:colcon.colcon_core.package_identification:_identify(src/referee_pkg/local/lib/python3.10/dist-packages/referee_pkg/msg) by extension 'ros'
[1.575s] Level 1:colcon.colcon_core.package_identification:_identify(src/referee_pkg/local/lib/python3.10/dist-packages/referee_pkg/msg) by extensions ['cmake', 'python']
[1.578s] Level 1:colcon.colcon_core.package_identification:_identify(src/referee_pkg/local/lib/python3.10/dist-packages/referee_pkg/msg) by extension 'cmake'
[1.579s] Level 1:colcon.colcon_core.package_identification:_identify(src/referee_pkg/local/lib/python3.10/dist-packages/referee_pkg/msg) by extension 'python'
[1.579s] Level 1:colcon.colcon_core.package_identification:_identify(src/referee_pkg/local/lib/python3.10/dist-packages/referee_pkg/msg) by extensions ['python_setup_py']
[1.579s] Level 1:colcon.colcon_core.package_identification:_identify(src/referee_pkg/local/lib/python3.10/dist-packages/referee_pkg/msg) by extension 'python_setup_py'
[1.579s] Level 1:colcon.colcon_core.package_identification:_identify(src/referee_pkg/local/lib/python3.10/dist-packages/referee_pkg/msg/__pycache__) by extensions ['ignore', 'ignore_ament_install']
[1.579s] Level 1:colcon.colcon_core.package_identification:_identify(src/referee_pkg/local/lib/python3.10/dist-packages/referee_pkg/msg/__pycache__) by extension 'ignore'
[1.579s] Level 1:colcon.colcon_core.package_identification:_identify(src/referee_pkg/local/lib/python3.10/dist-packages/referee_pkg/msg/__pycache__) by extension 'ignore_ament_install'
[1.579s] Level 1:colcon.colcon_core.package_identification:_identify(src/referee_pkg/local/lib/python3.10/dist-packages/referee_pkg/msg/__pycache__) by extensions ['colcon_pkg']
[1.579s] Level 1:colcon.colcon_core.package_identification:_identify(src/referee_pkg/local/lib/python3.10/dist-packages/referee_pkg/msg/__pycache__) by extension 'colcon_pkg'
[1.579s] Level 1:colcon.colcon_core.package_identification:_identify(src/referee_pkg/local/lib/python3.10/dist-packages/referee_pkg/msg/__pycache__) by extensions ['colcon_meta']
[1.580s] Level 1:colcon.colcon_core.package_identification:_identify(src/referee_pkg/local/lib/python3.10/dist-packages/referee_pkg/msg/__pycache__) by extension 'colcon_meta'
[1.580s] Level 1:colcon.colcon_core.package_identification:_identify(src/referee_pkg/local/lib/python3.10/dist-packages/referee_pkg/msg/__pycache__) by extensions ['ros']
[1.580s] Level 1:colcon.colcon_core.package_identification:_identify(src/referee_pkg/local/lib/python3.10/dist-packages/referee_pkg/msg/__pycache__) by extension 'ros'
[1.580s] Level 1:colcon.colcon_core.package_identification:_identify(src/referee_pkg/local/lib/python3.10/dist-packages/referee_pkg/msg/__pycache__) by extensions ['cmake', 'python']
[1.580s] Level 1:colcon.colcon_core.package_identification:_identify(src/referee_pkg/local/lib/python3.10/dist-packages/referee_pkg/msg/__pycache__) by extension 'cmake'
[1.580s] Level 1:colcon.colcon_core.package_identification:_identify(src/referee_pkg/local/lib/python3.10/dist-packages/referee_pkg/msg/__pycache__) by extension 'python'
[1.580s] Level 1:colcon.colcon_core.package_identification:_identify(src/referee_pkg/local/lib/python3.10/dist-packages/referee_pkg/msg/__pycache__) by extensions ['python_setup_py']
[1.580s] Level 1:colcon.colcon_core.package_identification:_identify(src/referee_pkg/local/lib/python3.10/dist-packages/referee_pkg/msg/__pycache__) by extension 'python_setup_py'
[1.580s] Level 1:colcon.colcon_core.package_identification:_identify(src/referee_pkg/local/lib/python3.10/dist-packages/referee_pkg/srv) by extensions ['ignore', 'ignore_ament_install']
[1.580s] Level 1:colcon.colcon_core.package_identification:_identify(src/referee_pkg/local/lib/python3.10/dist-packages/referee_pkg/srv) by extension 'ignore'
[1.581s] Level 1:colcon.colcon_core.package_identification:_identify(src/referee_pkg/local/lib/python3.10/dist-packages/referee_pkg/srv) by extension 'ignore_ament_install'
[1.581s] Level 1:colcon.colcon_core.package_identification:_identify(src/referee_pkg/local/lib/python3.10/dist-packages/referee_pkg/srv) by extensions ['colcon_pkg']
[1.581s] Level 1:colcon.colcon_core.package_identification:_identify(src/referee_pkg/local/lib/python3.10/dist-packages/referee_pkg/srv) by extension 'colcon_pkg'
[1.581s] Level 1:colcon.colcon_core.package_identification:_identify(src/referee_pkg/local/lib/python3.10/dist-packages/referee_pkg/srv) by extensions ['colcon_meta']
[1.581s] Level 1:colcon.colcon_core.package_identification:_identify(src/referee_pkg/local/lib/python3.10/dist-packages/referee_pkg/srv) by extension 'colcon_meta'
[1.582s] Level 1:colcon.colcon_core.package_identification:_identify(src/referee_pkg/local/lib/python3.10/dist-packages/referee_pkg/srv) by extensions ['ros']
[1.583s] Level 1:colcon.colcon_core.package_identification:_identify(src/referee_pkg/local/lib/python3.10/dist-packages/referee_pkg/srv) by extension 'ros'
[1.583s] Level 1:colcon.colcon_core.package_identification:_identify(src/referee_pkg/local/lib/python3.10/dist-packages/referee_pkg/srv) by extensions ['cmake', 'python']
[1.583s] Level 1:colcon.colcon_core.package_identification:_identify(src/referee_pkg/local/lib/python3.10/dist-packages/referee_pkg/srv) by extension 'cmake'
[1.583s] Level 1:colcon.colcon_core.package_identification:_identify(src/referee_pkg/local/lib/python3.10/dist-packages/referee_pkg/srv) by extension 'python'
[1.583s] Level 1:colcon.colcon_core.package_identification:_identify(src/referee_pkg/local/lib/python3.10/dist-packages/referee_pkg/srv) by extensions ['python_setup_py']
[1.583s] Level 1:colcon.colcon_core.package_identification:_identify(src/referee_pkg/local/lib/python3.10/dist-packages/referee_pkg/srv) by extension 'python_setup_py'
[1.583s] Level 1:colcon.colcon_core.package_identification:_identify(src/referee_pkg/local/lib/python3.10/dist-packages/referee_pkg/srv/__pycache__) by extensions ['ignore', 'ignore_ament_install']
[1.583s] Level 1:colcon.colcon_core.package_identification:_identify(src/referee_pkg/local/lib/python3.10/dist-packages/referee_pkg/srv/__pycache__) by extension 'ignore'
[1.584s] Level 1:colcon.colcon_core.package_identification:_identify(src/referee_pkg/local/lib/python3.10/dist-packages/referee_pkg/srv/__pycache__) by extension 'ignore_ament_install'
[1.584s] Level 1:colcon.colcon_core.package_identification:_identify(src/referee_pkg/local/lib/python3.10/dist-packages/referee_pkg/srv/__pycache__) by extensions ['colcon_pkg']
[1.584s] Level 1:colcon.colcon_core.package_identification:_identify(src/referee_pkg/local/lib/python3.10/dist-packages/referee_pkg/srv/__pycache__) by extension 'colcon_pkg'
[1.584s] Level 1:colcon.colcon_core.package_identification:_identify(src/referee_pkg/local/lib/python3.10/dist-packages/referee_pkg/srv/__pycache__) by extensions ['colcon_meta']
[1.584s] Level 1:colcon.colcon_core.package_identification:_identify(src/referee_pkg/local/lib/python3.10/dist-packages/referee_pkg/srv/__pycache__) by extension 'colcon_meta'
[1.585s] Level 1:colcon.colcon_core.package_identification:_identify(src/referee_pkg/local/lib/python3.10/dist-packages/referee_pkg/srv/__pycache__) by extensions ['ros']
[1.585s] Level 1:colcon.colcon_core.package_identification:_identify(src/referee_pkg/local/lib/python3.10/dist-packages/referee_pkg/srv/__pycache__) by extension 'ros'
[1.586s] Level 1:colcon.colcon_core.package_identification:_identify(src/referee_pkg/local/lib/python3.10/dist-packages/referee_pkg/srv/__pycache__) by extensions ['cmake', 'python']
[1.586s] Level 1:colcon.colcon_core.package_identification:_identify(src/referee_pkg/local/lib/python3.10/dist-packages/referee_pkg/srv/__pycache__) by extension 'cmake'
[1.586s] Level 1:colcon.colcon_core.package_identification:_identify(src/referee_pkg/local/lib/python3.10/dist-packages/referee_pkg/srv/__pycache__) by extension 'python'
[1.586s] Level 1:colcon.colcon_core.package_identification:_identify(src/referee_pkg/local/lib/python3.10/dist-packages/referee_pkg/srv/__pycache__) by extensions ['python_setup_py']
[1.586s] Level 1:colcon.colcon_core.package_identification:_identify(src/referee_pkg/local/lib/python3.10/dist-packages/referee_pkg/srv/__pycache__) by extension 'python_setup_py'
[1.586s] Level 1:colcon.colcon_core.package_identification:_identify(src/referee_pkg/local/lib/python3.10/dist-packages/referee_pkg-0.0.0-py3.10.egg-info) by extensions ['ignore', 'ignore_ament_install']
[1.586s] Level 1:colcon.colcon_core.package_identification:_identify(src/referee_pkg/local/lib/python3.10/dist-packages/referee_pkg-0.0.0-py3.10.egg-info) by extension 'ignore'
[1.586s] Level 1:colcon.colcon_core.package_identification:_identify(src/referee_pkg/local/lib/python3.10/dist-packages/referee_pkg-0.0.0-py3.10.egg-info) by extension 'ignore_ament_install'
[1.587s] Level 1:colcon.colcon_core.package_identification:_identify(src/referee_pkg/local/lib/python3.10/dist-packages/referee_pkg-0.0.0-py3.10.egg-info) by extensions ['colcon_pkg']
[1.587s] Level 1:colcon.colcon_core.package_identification:_identify(src/referee_pkg/local/lib/python3.10/dist-packages/referee_pkg-0.0.0-py3.10.egg-info) by extension 'colcon_pkg'
[1.587s] Level 1:colcon.colcon_core.package_identification:_identify(src/referee_pkg/local/lib/python3.10/dist-packages/referee_pkg-0.0.0-py3.10.egg-info) by extensions ['colcon_meta']
[1.587s] Level 1:colcon.colcon_core.package_identification:_identify(src/referee_pkg/local/lib/python3.10/dist-packages/referee_pkg-0.0.0-py3.10.egg-info) by extension 'colcon_meta'
[1.587s] Level 1:colcon.colcon_core.package_identification:_identify(src/referee_pkg/local/lib/python3.10/dist-packages/referee_pkg-0.0.0-py3.10.egg-info) by extensions ['ros']
[1.587s] Level 1:colcon.colcon_core.package_identification:_identify(src/referee_pkg/local/lib/python3.10/dist-packages/referee_pkg-0.0.0-py3.10.egg-info) by extension 'ros'
[1.587s] Level 1:colcon.colcon_core.package_identification:_identify(src/referee_pkg/local/lib/python3.10/dist-packages/referee_pkg-0.0.0-py3.10.egg-info) by extensions ['cmake', 'python']
[1.587s] Level 1:colcon.colcon_core.package_identification:_identify(src/referee_pkg/local/lib/python3.10/dist-packages/referee_pkg-0.0.0-py3.10.egg-info) by extension 'cmake'
[1.587s] Level 1:colcon.colcon_core.package_identification:_identify(src/referee_pkg/local/lib/python3.10/dist-packages/referee_pkg-0.0.0-py3.10.egg-info) by extension 'python'
[1.587s] Level 1:colcon.colcon_core.package_identification:_identify(src/referee_pkg/local/lib/python3.10/dist-packages/referee_pkg-0.0.0-py3.10.egg-info) by extensions ['python_setup_py']
[1.587s] Level 1:colcon.colcon_core.package_identification:_identify(src/referee_pkg/local/lib/python3.10/dist-packages/referee_pkg-0.0.0-py3.10.egg-info) by extension 'python_setup_py'
[1.588s] Level 1:colcon.colcon_core.package_identification:_identify(src/referee_pkg/share) by extensions ['ignore', 'ignore_ament_install']
[1.588s] Level 1:colcon.colcon_core.package_identification:_identify(src/referee_pkg/share) by extension 'ignore'
[1.588s] Level 1:colcon.colcon_core.package_identification:_identify(src/referee_pkg/share) by extension 'ignore_ament_install'
[1.588s] Level 1:colcon.colcon_core.package_identification:_identify(src/referee_pkg/share) by extensions ['colcon_pkg']
[1.588s] Level 1:colcon.colcon_core.package_identification:_identify(src/referee_pkg/share) by extension 'colcon_pkg'
[1.588s] Level 1:colcon.colcon_core.package_identification:_identify(src/referee_pkg/share) by extensions ['colcon_meta']
[1.588s] Level 1:colcon.colcon_core.package_identification:_identify(src/referee_pkg/share) by extension 'colcon_meta'
[1.588s] Level 1:colcon.colcon_core.package_identification:_identify(src/referee_pkg/share) by extensions ['ros']
[1.589s] Level 1:colcon.colcon_core.package_identification:_identify(src/referee_pkg/share) by extension 'ros'
[1.589s] Level 1:colcon.colcon_core.package_identification:_identify(src/referee_pkg/share) by extensions ['cmake', 'python']
[1.589s] Level 1:colcon.colcon_core.package_identification:_identify(src/referee_pkg/share) by extension 'cmake'
[1.589s] Level 1:colcon.colcon_core.package_identification:_identify(src/referee_pkg/share) by extension 'python'
[1.589s] Level 1:colcon.colcon_core.package_identification:_identify(src/referee_pkg/share) by extensions ['python_setup_py']
[1.589s] Level 1:colcon.colcon_core.package_identification:_identify(src/referee_pkg/share) by extension 'python_setup_py'
[1.589s] Level 1:colcon.colcon_core.package_identification:_identify(src/referee_pkg/share/ament_index) by extensions ['ignore', 'ignore_ament_install']
[1.589s] Level 1:colcon.colcon_core.package_identification:_identify(src/referee_pkg/share/ament_index) by extension 'ignore'
[1.589s] Level 1:colcon.colcon_core.package_identification:_identify(src/referee_pkg/share/ament_index) by extension 'ignore_ament_install'
[1.590s] Level 1:colcon.colcon_core.package_identification:_identify(src/referee_pkg/share/ament_index) by extensions ['colcon_pkg']
[1.590s] Level 1:colcon.colcon_core.package_identification:_identify(src/referee_pkg/share/ament_index) by extension 'colcon_pkg'
[1.590s] Level 1:colcon.colcon_core.package_identification:_identify(src/referee_pkg/share/ament_index) by extensions ['colcon_meta']
[1.590s] Level 1:colcon.colcon_core.package_identification:_identify(src/referee_pkg/share/ament_index) by extension 'colcon_meta'
[1.590s] Level 1:colcon.colcon_core.package_identification:_identify(src/referee_pkg/share/ament_index) by extensions ['ros']
[1.590s] Level 1:colcon.colcon_core.package_identification:_identify(src/referee_pkg/share/ament_index) by extension 'ros'
[1.590s] Level 1:colcon.colcon_core.package_identification:_identify(src/referee_pkg/share/ament_index) by extensions ['cmake', 'python']
[1.590s] Level 1:colcon.colcon_core.package_identification:_identify(src/referee_pkg/share/ament_index) by extension 'cmake'
[1.590s] Level 1:colcon.colcon_core.package_identification:_identify(src/referee_pkg/share/ament_index) by extension 'python'
[1.590s] Level 1:colcon.colcon_core.package_identification:_identify(src/referee_pkg/share/ament_index) by extensions ['python_setup_py']
[1.590s] Level 1:colcon.colcon_core.package_identification:_identify(src/referee_pkg/share/ament_index) by extension 'python_setup_py'
[1.590s] Level 1:colcon.colcon_core.package_identification:_identify(src/referee_pkg/share/ament_index/resource_index) by extensions ['ignore', 'ignore_ament_install']
[1.590s] Level 1:colcon.colcon_core.package_identification:_identify(src/referee_pkg/share/ament_index/resource_index) by extension 'ignore'
[1.590s] Level 1:colcon.colcon_core.package_identification:_identify(src/referee_pkg/share/ament_index/resource_index) by extension 'ignore_ament_install'
[1.591s] Level 1:colcon.colcon_core.package_identification:_identify(src/referee_pkg/share/ament_index/resource_index) by extensions ['colcon_pkg']
[1.591s] Level 1:colcon.colcon_core.package_identification:_identify(src/referee_pkg/share/ament_index/resource_index) by extension 'colcon_pkg'
[1.591s] Level 1:colcon.colcon_core.package_identification:_identify(src/referee_pkg/share/ament_index/resource_index) by extensions ['colcon_meta']
[1.591s] Level 1:colcon.colcon_core.package_identification:_identify(src/referee_pkg/share/ament_index/resource_index) by extension 'colcon_meta'
[1.591s] Level 1:colcon.colcon_core.package_identification:_identify(src/referee_pkg/share/ament_index/resource_index) by extensions ['ros']
[1.591s] Level 1:colcon.colcon_core.package_identification:_identify(src/referee_pkg/share/ament_index/resource_index) by extension 'ros'
[1.591s] Level 1:colcon.colcon_core.package_identification:_identify(src/referee_pkg/share/ament_index/resource_index) by extensions ['cmake', 'python']
[1.591s] Level 1:colcon.colcon_core.package_identification:_identify(src/referee_pkg/share/ament_index/resource_index) by extension 'cmake'
[1.591s] Level 1:colcon.colcon_core.package_identification:_identify(src/referee_pkg/share/ament_index/resource_index) by extension 'python'
[1.592s] Level 1:colcon.colcon_core.package_identification:_identify(src/referee_pkg/share/ament_index/resource_index) by extensions ['python_setup_py']
[1.592s] Level 1:colcon.colcon_core.package_identification:_identify(src/referee_pkg/share/ament_index/resource_index) by extension 'python_setup_py'
[1.592s] Level 1:colcon.colcon_core.package_identification:_identify(src/referee_pkg/share/ament_index/resource_index/package_run_dependencies) by extensions ['ignore', 'ignore_ament_install']
[1.592s] Level 1:colcon.colcon_core.package_identification:_identify(src/referee_pkg/share/ament_index/resource_index/package_run_dependencies) by extension 'ignore'
[1.592s] Level 1:colcon.colcon_core.package_identification:_identify(src/referee_pkg/share/ament_index/resource_index/package_run_dependencies) by extension 'ignore_ament_install'
[1.592s] Level 1:colcon.colcon_core.package_identification:_identify(src/referee_pkg/share/ament_index/resource_index/package_run_dependencies) by extensions ['colcon_pkg']
[1.592s] Level 1:colcon.colcon_core.package_identification:_identify(src/referee_pkg/share/ament_index/resource_index/package_run_dependencies) by extension 'colcon_pkg'
[1.592s] Level 1:colcon.colcon_core.package_identification:_identify(src/referee_pkg/share/ament_index/resource_index/package_run_dependencies) by extensions ['colcon_meta']
[1.592s] Level 1:colcon.colcon_core.package_identification:_identify(src/referee_pkg/share/ament_index/resource_index/package_run_dependencies) by extension 'colcon_meta'
[1.592s] Level 1:colcon.colcon_core.package_identification:_identify(src/referee_pkg/share/ament_index/resource_index/package_run_dependencies) by extensions ['ros']
[1.592s] Level 1:colcon.colcon_core.package_identification:_identify(src/referee_pkg/share/ament_index/resource_index/package_run_dependencies) by extension 'ros'
[1.592s] Level 1:colcon.colcon_core.package_identification:_identify(src/referee_pkg/share/ament_index/resource_index/package_run_dependencies) by extensions ['cmake', 'python']
[1.592s] Level 1:colcon.colcon_core.package_identification:_identify(src/referee_pkg/share/ament_index/resource_index/package_run_dependencies) by extension 'cmake'
[1.592s] Level 1:colcon.colcon_core.package_identification:_identify(src/referee_pkg/share/ament_index/resource_index/package_run_dependencies) by extension 'python'
[1.592s] Level 1:colcon.colcon_core.package_identification:_identify(src/referee_pkg/share/ament_index/resource_index/package_run_dependencies) by extensions ['python_setup_py']
[1.592s] Level 1:colcon.colcon_core.package_identification:_identify(src/referee_pkg/share/ament_index/resource_index/package_run_dependencies) by extension 'python_setup_py'
[1.593s] Level 1:colcon.colcon_core.package_identification:_identify(src/referee_pkg/share/ament_index/resource_index/packages) by extensions ['ignore', 'ignore_ament_install']
[1.593s] Level 1:colcon.colcon_core.package_identification:_identify(src/referee_pkg/share/ament_index/resource_index/packages) by extension 'ignore'
[1.593s] Level 1:colcon.colcon_core.package_identification:_identify(src/referee_pkg/share/ament_index/resource_index/packages) by extension 'ignore_ament_install'
[1.594s] Level 1:colcon.colcon_core.package_identification:_identify(src/referee_pkg/share/ament_index/resource_index/packages) by extensions ['colcon_pkg']
[1.594s] Level 1:colcon.colcon_core.package_identification:_identify(src/referee_pkg/share/ament_index/resource_index/packages) by extension 'colcon_pkg'
[1.594s] Level 1:colcon.colcon_core.package_identification:_identify(src/referee_pkg/share/ament_index/resource_index/packages) by extensions ['colcon_meta']
[1.594s] Level 1:colcon.colcon_core.package_identification:_identify(src/referee_pkg/share/ament_index/resource_index/packages) by extension 'colcon_meta'
[1.594s] Level 1:colcon.colcon_core.package_identification:_identify(src/referee_pkg/share/ament_index/resource_index/packages) by extensions ['ros']
[1.594s] Level 1:colcon.colcon_core.package_identification:_identify(src/referee_pkg/share/ament_index/resource_index/packages) by extension 'ros'
[1.594s] Level 1:colcon.colcon_core.package_identification:_identify(src/referee_pkg/share/ament_index/resource_index/packages) by extensions ['cmake', 'python']
[1.594s] Level 1:colcon.colcon_core.package_identification:_identify(src/referee_pkg/share/ament_index/resource_index/packages) by extension 'cmake'
[1.594s] Level 1:colcon.colcon_core.package_identification:_identify(src/referee_pkg/share/ament_index/resource_index/packages) by extension 'python'
[1.594s] Level 1:colcon.colcon_core.package_identification:_identify(src/referee_pkg/share/ament_index/resource_index/packages) by extensions ['python_setup_py']
[1.594s] Level 1:colcon.colcon_core.package_identification:_identify(src/referee_pkg/share/ament_index/resource_index/packages) by extension 'python_setup_py'
[1.594s] Level 1:colcon.colcon_core.package_identification:_identify(src/referee_pkg/share/ament_index/resource_index/parent_prefix_path) by extensions ['ignore', 'ignore_ament_install']
[1.595s] Level 1:colcon.colcon_core.package_identification:_identify(src/referee_pkg/share/ament_index/resource_index/parent_prefix_path) by extension 'ignore'
[1.595s] Level 1:colcon.colcon_core.package_identification:_identify(src/referee_pkg/share/ament_index/resource_index/parent_prefix_path) by extension 'ignore_ament_install'
[1.595s] Level 1:colcon.colcon_core.package_identification:_identify(src/referee_pkg/share/ament_index/resource_index/parent_prefix_path) by extensions ['colcon_pkg']
[1.595s] Level 1:colcon.colcon_core.package_identification:_identify(src/referee_pkg/share/ament_index/resource_index/parent_prefix_path) by extension 'colcon_pkg'
[1.595s] Level 1:colcon.colcon_core.package_identification:_identify(src/referee_pkg/share/ament_index/resource_index/parent_prefix_path) by extensions ['colcon_meta']
[1.595s] Level 1:colcon.colcon_core.package_identification:_identify(src/referee_pkg/share/ament_index/resource_index/parent_prefix_path) by extension 'colcon_meta'
[1.595s] Level 1:colcon.colcon_core.package_identification:_identify(src/referee_pkg/share/ament_index/resource_index/parent_prefix_path) by extensions ['ros']
[1.595s] Level 1:colcon.colcon_core.package_identification:_identify(src/referee_pkg/share/ament_index/resource_index/parent_prefix_path) by extension 'ros'
[1.595s] Level 1:colcon.colcon_core.package_identification:_identify(src/referee_pkg/share/ament_index/resource_index/parent_prefix_path) by extensions ['cmake', 'python']
[1.595s] Level 1:colcon.colcon_core.package_identification:_identify(src/referee_pkg/share/ament_index/resource_index/parent_prefix_path) by extension 'cmake'
[1.595s] Level 1:colcon.colcon_core.package_identification:_identify(src/referee_pkg/share/ament_index/resource_index/parent_prefix_path) by extension 'python'
[1.595s] Level 1:colcon.colcon_core.package_identification:_identify(src/referee_pkg/share/ament_index/resource_index/parent_prefix_path) by extensions ['python_setup_py']
[1.595s] Level 1:colcon.colcon_core.package_identification:_identify(src/referee_pkg/share/ament_index/resource_index/parent_prefix_path) by extension 'python_setup_py'
[1.596s] Level 1:colcon.colcon_core.package_identification:_identify(src/referee_pkg/share/ament_index/resource_index/rosidl_interfaces) by extensions ['ignore', 'ignore_ament_install']
[1.596s] Level 1:colcon.colcon_core.package_identification:_identify(src/referee_pkg/share/ament_index/resource_index/rosidl_interfaces) by extension 'ignore'
[1.596s] Level 1:colcon.colcon_core.package_identification:_identify(src/referee_pkg/share/ament_index/resource_index/rosidl_interfaces) by extension 'ignore_ament_install'
[1.596s] Level 1:colcon.colcon_core.package_identification:_identify(src/referee_pkg/share/ament_index/resource_index/rosidl_interfaces) by extensions ['colcon_pkg']
[1.596s] Level 1:colcon.colcon_core.package_identification:_identify(src/referee_pkg/share/ament_index/resource_index/rosidl_interfaces) by extension 'colcon_pkg'
[1.596s] Level 1:colcon.colcon_core.package_identification:_identify(src/referee_pkg/share/ament_index/resource_index/rosidl_interfaces) by extensions ['colcon_meta']
[1.596s] Level 1:colcon.colcon_core.package_identification:_identify(src/referee_pkg/share/ament_index/resource_index/rosidl_interfaces) by extension 'colcon_meta'
[1.597s] Level 1:colcon.colcon_core.package_identification:_identify(src/referee_pkg/share/ament_index/resource_index/rosidl_interfaces) by extensions ['ros']
[1.597s] Level 1:colcon.colcon_core.package_identification:_identify(src/referee_pkg/share/ament_index/resource_index/rosidl_interfaces) by extension 'ros'
[1.597s] Level 1:colcon.colcon_core.package_identification:_identify(src/referee_pkg/share/ament_index/resource_index/rosidl_interfaces) by extensions ['cmake', 'python']
[1.597s] Level 1:colcon.colcon_core.package_identification:_identify(src/referee_pkg/share/ament_index/resource_index/rosidl_interfaces) by extension 'cmake'
[1.597s] Level 1:colcon.colcon_core.package_identification:_identify(src/referee_pkg/share/ament_index/resource_index/rosidl_interfaces) by extension 'python'
[1.597s] Level 1:colcon.colcon_core.package_identification:_identify(src/referee_pkg/share/ament_index/resource_index/rosidl_interfaces) by extensions ['python_setup_py']
[1.597s] Level 1:colcon.colcon_core.package_identification:_identify(src/referee_pkg/share/ament_index/resource_index/rosidl_interfaces) by extension 'python_setup_py'
[1.597s] Level 1:colcon.colcon_core.package_identification:_identify(src/referee_pkg/share/colcon-core) by extensions ['ignore', 'ignore_ament_install']
[1.597s] Level 1:colcon.colcon_core.package_identification:_identify(src/referee_pkg/share/colcon-core) by extension 'ignore'
[1.598s] Level 1:colcon.colcon_core.package_identification:_identify(src/referee_pkg/share/colcon-core) by extension 'ignore_ament_install'
[1.598s] Level 1:colcon.colcon_core.package_identification:_identify(src/referee_pkg/share/colcon-core) by extensions ['colcon_pkg']
[1.598s] Level 1:colcon.colcon_core.package_identification:_identify(src/referee_pkg/share/colcon-core) by extension 'colcon_pkg'
[1.598s] Level 1:colcon.colcon_core.package_identification:_identify(src/referee_pkg/share/colcon-core) by extensions ['colcon_meta']
[1.598s] Level 1:colcon.colcon_core.package_identification:_identify(src/referee_pkg/share/colcon-core) by extension 'colcon_meta'
[1.598s] Level 1:colcon.colcon_core.package_identification:_identify(src/referee_pkg/share/colcon-core) by extensions ['ros']
[1.598s] Level 1:colcon.colcon_core.package_identification:_identify(src/referee_pkg/share/colcon-core) by extension 'ros'
[1.598s] Level 1:colcon.colcon_core.package_identification:_identify(src/referee_pkg/share/colcon-core) by extensions ['cmake', 'python']
[1.598s] Level 1:colcon.colcon_core.package_identification:_identify(src/referee_pkg/share/colcon-core) by extension 'cmake'
[1.598s] Level 1:colcon.colcon_core.package_identification:_identify(src/referee_pkg/share/colcon-core) by extension 'python'
[1.598s] Level 1:colcon.colcon_core.package_identification:_identify(src/referee_pkg/share/colcon-core) by extensions ['python_setup_py']
[1.598s] Level 1:colcon.colcon_core.package_identification:_identify(src/referee_pkg/share/colcon-core) by extension 'python_setup_py'
[1.598s] Level 1:colcon.colcon_core.package_identification:_identify(src/referee_pkg/share/colcon-core/packages) by extensions ['ignore', 'ignore_ament_install']
[1.599s] Level 1:colcon.colcon_core.package_identification:_identify(src/referee_pkg/share/colcon-core/packages) by extension 'ignore'
[1.599s] Level 1:colcon.colcon_core.package_identification:_identify(src/referee_pkg/share/colcon-core/packages) by extension 'ignore_ament_install'
[1.599s] Level 1:colcon.colcon_core.package_identification:_identify(src/referee_pkg/share/colcon-core/packages) by extensions ['colcon_pkg']
[1.599s] Level 1:colcon.colcon_core.package_identification:_identify(src/referee_pkg/share/colcon-core/packages) by extension 'colcon_pkg'
[1.599s] Level 1:colcon.colcon_core.package_identification:_identify(src/referee_pkg/share/colcon-core/packages) by extensions ['colcon_meta']
[1.599s] Level 1:colcon.colcon_core.package_identification:_identify(src/referee_pkg/share/colcon-core/packages) by extension 'colcon_meta'
[1.599s] Level 1:colcon.colcon_core.package_identification:_identify(src/referee_pkg/share/colcon-core/packages) by extensions ['ros']
[1.599s] Level 1:colcon.colcon_core.package_identification:_identify(src/referee_pkg/share/colcon-core/packages) by extension 'ros'
[1.599s] Level 1:colcon.colcon_core.package_identification:_identify(src/referee_pkg/share/colcon-core/packages) by extensions ['cmake', 'python']
[1.599s] Level 1:colcon.colcon_core.package_identification:_identify(src/referee_pkg/share/colcon-core/packages) by extension 'cmake'
[1.599s] Level 1:colcon.colcon_core.package_identification:_identify(src/referee_pkg/share/colcon-core/packages) by extension 'python'
[1.599s] Level 1:colcon.colcon_core.package_identification:_identify(src/referee_pkg/share/colcon-core/packages) by extensions ['python_setup_py']
[1.599s] Level 1:colcon.colcon_core.package_identification:_identify(src/referee_pkg/share/colcon-core/packages) by extension 'python_setup_py'
[1.600s] Level 1:colcon.colcon_core.package_identification:_identify(src/referee_pkg/share/referee_pkg) by extensions ['ignore', 'ignore_ament_install']
[1.601s] Level 1:colcon.colcon_core.package_identification:_identify(src/referee_pkg/share/referee_pkg) by extension 'ignore'
[1.601s] Level 1:colcon.colcon_core.package_identification:_identify(src/referee_pkg/share/referee_pkg) by extension 'ignore_ament_install'
[1.601s] Level 1:colcon.colcon_core.package_identification:_identify(src/referee_pkg/share/referee_pkg) by extensions ['colcon_pkg']
[1.601s] Level 1:colcon.colcon_core.package_identification:_identify(src/referee_pkg/share/referee_pkg) by extension 'colcon_pkg'
[1.601s] Level 1:colcon.colcon_core.package_identification:_identify(src/referee_pkg/share/referee_pkg) by extensions ['colcon_meta']
[1.601s] Level 1:colcon.colcon_core.package_identification:_identify(src/referee_pkg/share/referee_pkg) by extension 'colcon_meta'
[1.602s] Level 1:colcon.colcon_core.package_identification:_identify(src/referee_pkg/share/referee_pkg) by extensions ['ros']
[1.602s] Level 1:colcon.colcon_core.package_identification:_identify(src/referee_pkg/share/referee_pkg) by extension 'ros'
[1.606s] DEBUG:colcon.colcon_core.package_identification:Package 'src/referee_pkg/share/referee_pkg' with type 'ros.ament_cmake' and name 'referee_pkg'
[1.606s] Level 1:colcon.colcon_core.package_discovery:discover_packages(recursive) using defaults
[1.606s] Level 1:colcon.colcon_core.package_discovery:discover_packages(ignore) discover
[1.607s] Level 1:colcon.colcon_core.package_discovery:discover_packages(ignore) using defaults
[1.607s] Level 1:colcon.colcon_core.package_discovery:discover_packages(path) discover
[1.607s] Level 1:colcon.colcon_core.package_discovery:discover_packages(path) using defaults
[1.702s] INFO:colcon.colcon_core.package_selection:Skipping not selected package 'referee_pkg' in 'src/referee_pkg/share/referee_pkg'
[1.704s] Level 1:colcon.colcon_core.package_discovery:discover_packages(prefix_path) check parameters
[1.704s] Level 1:colcon.colcon_core.package_discovery:discover_packages(prefix_path) discover
[1.719s] DEBUG:colcon.colcon_installed_package_information.package_discovery:Found 272 installed packages in /opt/ros/humble
[1.723s] Level 1:colcon.colcon_core.package_discovery:discover_packages(prefix_path) using defaults
[1.803s] Level 5:colcon.colcon_core.verb:set package 'my_package' build argument 'cmake_args' from command line to 'None'
[1.803s] Level 5:colcon.colcon_core.verb:set package 'my_package' build argument 'cmake_target' from command line to 'None'
[1.803s] Level 5:colcon.colcon_core.verb:set package 'my_package' build argument 'cmake_target_skip_unavailable' from command line to 'False'
[1.803s] Level 5:colcon.colcon_core.verb:set package 'my_package' build argument 'cmake_clean_cache' from command line to 'False'
[1.803s] Level 5:colcon.colcon_core.verb:set package 'my_package' build argument 'cmake_clean_first' from command line to 'False'
[1.803s] Level 5:colcon.colcon_core.verb:set package 'my_package' build argument 'cmake_force_configure' from command line to 'False'
[1.803s] Level 5:colcon.colcon_core.verb:set package 'my_package' build argument 'ament_cmake_args' from command line to 'None'
[1.803s] Level 5:colcon.colcon_core.verb:set package 'my_package' build argument 'catkin_cmake_args' from command line to 'None'
[1.803s] Level 5:colcon.colcon_core.verb:set package 'my_package' build argument 'catkin_skip_building_tests' from command line to 'False'
[1.803s] DEBUG:colcon.colcon_core.verb:Building package 'my_package' with the following arguments: {'ament_cmake_args': None, 'build_base': '/home/zyb/桌面/新建文件夹/teamX_challenge/build/my_package', 'catkin_cmake_args': None, 'catkin_skip_building_tests': False, 'cmake_args': None, 'cmake_clean_cache': False, 'cmake_clean_first': False, 'cmake_force_configure': False, 'cmake_target': None, 'cmake_target_skip_unavailable': False, 'install_base': '/home/zyb/桌面/新建文件夹/teamX_challenge/install/my_package', 'merge_install': False, 'path': '/home/zyb/桌面/新建文件夹/teamX_challenge/src/my_package', 'symlink_install': False, 'test_result_base': None}
[1.803s] INFO:colcon.colcon_core.executor:Executing jobs using 'parallel' executor
[1.806s] DEBUG:colcon.colcon_parallel_executor.executor.parallel:run_until_complete
[1.806s] INFO:colcon.colcon_ros.task.ament_cmake.build:Building ROS package in '/home/zyb/桌面/新建文件夹/teamX_challenge/src/my_package' with build type 'ament_cmake'
[1.807s] INFO:colcon.colcon_cmake.task.cmake.build:Building CMake package in '/home/zyb/桌面/新建文件夹/teamX_challenge/src/my_package'
[1.825s] INFO:colcon.colcon_core.plugin_system:Skipping extension 'colcon_core.shell.bat': Not used on non-Windows systems
[1.825s] INFO:colcon.colcon_core.shell:Skip shell extension 'powershell' for command environment: Not usable outside of PowerShell
[1.826s] DEBUG:colcon.colcon_core.shell:Skip shell extension 'dsv' for command environment
[1.848s] DEBUG:colcon.colcon_core.event_handler.log_command:Invoking command in '/home/zyb/桌面/新建文件夹/teamX_challenge/build/my_package': CMAKE_PREFIX_PATH=/opt/ros/humble /usr/bin/cmake --build /home/zyb/桌面/新建文件夹/teamX_challenge/build/my_package -- -j4 -l4
[28.305s] DEBUG:colcon.colcon_core.event_handler.log_command:Invoked command in '/home/zyb/桌面/新建文件夹/teamX_challenge/build/my_package' returned '2': CMAKE_PREFIX_PATH=/opt/ros/humble /usr/bin/cmake --build /home/zyb/桌面/新建文件夹/teamX_challenge/build/my_package -- -j4 -l4
[28.307s] Level 1:colcon.colcon_core.environment:create_environment_scripts_only(my_package)
[28.329s] Level 1:colcon.colcon_core.environment:checking '/home/zyb/桌面/新建文件夹/teamX_challenge/install/my_package' for CMake module files
[28.330s] Level 1:colcon.colcon_core.environment:checking '/home/zyb/桌面/新建文件夹/teamX_challenge/install/my_package' for CMake config files
[28.331s] Level 1:colcon.colcon_core.shell:create_environment_hook('my_package', 'cmake_prefix_path')
[28.331s] INFO:colcon.colcon_core.shell:Creating environment hook '/home/zyb/桌面/新建文件夹/teamX_challenge/install/my_package/share/my_package/hook/cmake_prefix_path.ps1'
[28.335s] INFO:colcon.colcon_core.shell:Creating environment descriptor '/home/zyb/桌面/新建文件夹/teamX_challenge/install/my_package/share/my_package/hook/cmake_prefix_path.dsv'
[28.338s] INFO:colcon.colcon_core.shell:Creating environment hook '/home/zyb/桌面/新建文件夹/teamX_challenge/install/my_package/share/my_package/hook/cmake_prefix_path.sh'
[28.341s] Level 1:colcon.colcon_core.environment:checking '/home/zyb/桌面/新建文件夹/teamX_challenge/install/my_package/lib'
[28.341s] Level 1:colcon.colcon_core.environment:checking '/home/zyb/桌面/新建文件夹/teamX_challenge/install/my_package/bin'
[28.341s] Level 1:colcon.colcon_core.environment:checking '/home/zyb/桌面/新建文件夹/teamX_challenge/install/my_package/lib/pkgconfig/my_package.pc'
[28.343s] Level 1:colcon.colcon_core.environment:checking '/home/zyb/桌面/新建文件夹/teamX_challenge/install/my_package/lib/python3.10/site-packages'
[28.344s] Level 1:colcon.colcon_core.environment:checking '/home/zyb/桌面/新建文件夹/teamX_challenge/install/my_package/bin'
[28.344s] INFO:colcon.colcon_core.shell:Creating package script '/home/zyb/桌面/新建文件夹/teamX_challenge/install/my_package/share/my_package/package.ps1'
[28.347s] INFO:colcon.colcon_core.shell:Creating package descriptor '/home/zyb/桌面/新建文件夹/teamX_challenge/install/my_package/share/my_package/package.dsv'
[28.352s] INFO:colcon.colcon_core.shell:Creating package script '/home/zyb/桌面/新建文件夹/teamX_challenge/install/my_package/share/my_package/package.sh'
[28.354s] INFO:colcon.colcon_core.shell:Creating package script '/home/zyb/桌面/新建文件夹/teamX_challenge/install/my_package/share/my_package/package.bash'
[28.358s] INFO:colcon.colcon_core.shell:Creating package script '/home/zyb/桌面/新建文件夹/teamX_challenge/install/my_package/share/my_package/package.zsh'
[28.362s] Level 1:colcon.colcon_core.environment:create_file_with_runtime_dependencies(/home/zyb/桌面/新建文件夹/teamX_challenge/install/my_package/share/colcon-core/packages/my_package)
[28.364s] DEBUG:colcon.colcon_parallel_executor.executor.parallel:closing loop
[28.365s] DEBUG:colcon.colcon_parallel_executor.executor.parallel:loop closed
[28.365s] DEBUG:colcon.colcon_parallel_executor.executor.parallel:run_until_complete finished with '2'
[28.365s] DEBUG:colcon.colcon_core.event_reactor:joining thread
[28.381s] INFO:colcon.colcon_core.plugin_system:Skipping extension 'colcon_notification.desktop_notification.terminal_notifier': Not used on non-Darwin systems
[28.381s] INFO:colcon.colcon_core.plugin_system:Skipping extension 'colcon_notification.desktop_notification.win32': Not used on non-Windows systems
[28.381s] INFO:colcon.colcon_notification.desktop_notification:Sending desktop notification using 'notify2'
[28.447s] DEBUG:colcon.colcon_core.event_reactor:joined thread
[28.448s] INFO:colcon.colcon_core.shell:Creating prefix script '/home/zyb/桌面/新建文件夹/teamX_challenge/install/local_setup.ps1'
[28.452s] INFO:colcon.colcon_core.shell:Creating prefix util module '/home/zyb/桌面/新建文件夹/teamX_challenge/install/_local_setup_util_ps1.py'
[28.456s] INFO:colcon.colcon_core.shell:Creating prefix chain script '/home/zyb/桌面/新建文件夹/teamX_challenge/install/setup.ps1'
[28.459s] INFO:colcon.colcon_core.shell:Creating prefix script '/home/zyb/桌面/新建文件夹/teamX_challenge/install/local_setup.sh'
[28.461s] INFO:colcon.colcon_core.shell:Creating prefix util module '/home/zyb/桌面/新建文件夹/teamX_challenge/install/_local_setup_util_sh.py'
[28.463s] INFO:colcon.colcon_core.shell:Creating prefix chain script '/home/zyb/桌面/新建文件夹/teamX_challenge/install/setup.sh'
[28.466s] INFO:colcon.colcon_core.shell:Creating prefix script '/home/zyb/桌面/新建文件夹/teamX_challenge/install/local_setup.bash'
[28.468s] INFO:colcon.colcon_core.shell:Creating prefix chain script '/home/zyb/桌面/新建文件夹/teamX_challenge/install/setup.bash'
[28.474s] INFO:colcon.colcon_core.shell:Creating prefix script '/home/zyb/桌面/新建文件夹/teamX_challenge/install/local_setup.zsh'
[28.477s] INFO:colcon.colcon_core.shell:Creating prefix chain script '/home/zyb/桌面/新建文件夹/teamX_challenge/install/setup.zsh'
