[35m[1mConsolidate compiler generated dependencies of target vision_node[0m
[ 50%] Built target shooter_node
[100%] Built target vision_node
-- Install configuration: ""
-- Up-to-date: /home/zyb/æ¡Œé¢/æ–°å»ºæ–‡ä»¶å¤¹/teamX_challenge/install/my_package/lib/my_package/shooter_node
-- Up-to-date: /home/zyb/æ¡Œé¢/æ–°å»ºæ–‡ä»¶å¤¹/teamX_challenge/install/my_package/lib/my_package/vision_node
-- Up-to-date: /home/zyb/æ¡Œé¢/æ–°å»ºæ–‡ä»¶å¤¹/teamX_challenge/install/my_package/share/my_package/launch
-- Up-to-date: /home/zyb/æ¡Œé¢/æ–°å»ºæ–‡ä»¶å¤¹/teamX_challenge/install/my_package/share/my_package/launch/shooter_launch.py
-- Up-to-date: /home/zyb/æ¡Œé¢/æ–°å»ºæ–‡ä»¶å¤¹/teamX_challenge/install/my_package/share/my_package/launch/vision_launch.py
-- Up-to-date: /home/zyb/æ¡Œé¢/æ–°å»ºæ–‡ä»¶å¤¹/teamX_challenge/install/my_package/share/my_package/config
-- Up-to-date: /home/zyb/æ¡Œé¢/æ–°å»ºæ–‡ä»¶å¤¹/teamX_challenge/install/my_package/share/my_package/config/params.yaml
-- Up-to-date: /home/zyb/æ¡Œé¢/æ–°å»ºæ–‡ä»¶å¤¹/teamX_challenge/install/my_package/share/ament_index/resource_index/package_run_dependencies/my_package
-- Up-to-date: /home/zyb/æ¡Œé¢/æ–°å»ºæ–‡ä»¶å¤¹/teamX_challenge/install/my_package/share/ament_index/resource_index/parent_prefix_path/my_package
-- Up-to-date: /home/zyb/æ¡Œé¢/æ–°å»ºæ–‡ä»¶å¤¹/teamX_challenge/install/my_package/share/my_package/environment/ament_prefix_path.sh
-- Up-to-date: /home/zyb/æ¡Œé¢/æ–°å»ºæ–‡ä»¶å¤¹/teamX_challenge/install/my_package/share/my_package/environment/ament_prefix_path.dsv
-- Up-to-date: /home/zyb/æ¡Œé¢/æ–°å»ºæ–‡ä»¶å¤¹/teamX_challenge/install/my_package/share/my_package/environment/path.sh
-- Up-to-date: /home/zyb/æ¡Œé¢/æ–°å»ºæ–‡ä»¶å¤¹/teamX_challenge/install/my_package/share/my_package/environment/path.dsv
-- Up-to-date: /home/zyb/æ¡Œé¢/æ–°å»ºæ–‡ä»¶å¤¹/teamX_challenge/install/my_package/share/my_package/local_setup.bash
-- Up-to-date: /home/zyb/æ¡Œé¢/æ–°å»ºæ–‡ä»¶å¤¹/teamX_challenge/install/my_package/share/my_package/local_setup.sh
-- Up-to-date: /home/zyb/æ¡Œé¢/æ–°å»ºæ–‡ä»¶å¤¹/teamX_challenge/install/my_package/share/my_package/local_setup.zsh
-- Up-to-date: /home/zyb/æ¡Œé¢/æ–°å»ºæ–‡ä»¶å¤¹/teamX_challenge/install/my_package/share/my_package/local_setup.dsv
-- Installing: /home/zyb/æ¡Œé¢/æ–°å»ºæ–‡ä»¶å¤¹/teamX_challenge/install/my_package/share/my_package/package.dsv
-- Up-to-date: /home/zyb/æ¡Œé¢/æ–°å»ºæ–‡ä»¶å¤¹/teamX_challenge/install/my_package/share/ament_index/resource_index/packages/my_package
-- Up-to-date: /home/zyb/æ¡Œé¢/æ–°å»ºæ–‡ä»¶å¤¹/teamX_challenge/install/my_package/share/my_package/cmake/ament_cmake_export_dependencies-extras.cmake
-- Up-to-date: /home/zyb/æ¡Œé¢/æ–°å»ºæ–‡ä»¶å¤¹/teamX_challenge/install/my_package/share/my_package/cmake/ament_cmake_export_include_directories-extras.cmake
-- Up-to-date: /home/zyb/æ¡Œé¢/æ–°å»ºæ–‡ä»¶å¤¹/teamX_challenge/install/my_package/share/my_package/cmake/my_packageConfig.cmake
-- Up-to-date: /home/zyb/æ¡Œé¢/æ–°å»ºæ–‡ä»¶å¤¹/teamX_challenge/install/my_package/share/my_package/cmake/my_packageConfig-version.cmake
-- Up-to-date: /home/zyb/æ¡Œé¢/æ–°å»ºæ–‡ä»¶å¤¹/teamX_challenge/install/my_package/share/my_package/package.xml
